2023-04-27 12:06:50,361:WARNING:
'cuml' is a soft dependency and not included in the pycaret installation. Please run: `pip install cuml` to install.
2023-04-27 12:06:50,361:WARNING:
'cuml' is a soft dependency and not included in the pycaret installation. Please run: `pip install cuml` to install.
2023-04-27 12:06:50,361:WARNING:
'cuml' is a soft dependency and not included in the pycaret installation. Please run: `pip install cuml` to install.
2023-04-27 12:06:50,361:WARNING:
'cuml' is a soft dependency and not included in the pycaret installation. Please run: `pip install cuml` to install.
2023-04-27 12:06:53,475:WARNING:
'prophet' is a soft dependency and not included in the pycaret installation. Please run: `pip install prophet` to install.
2023-04-27 12:08:28,837:INFO:PyCaret RegressionExperiment
2023-04-27 12:08:28,837:INFO:Logging name: reg-default-name
2023-04-27 12:08:28,837:INFO:ML Usecase: MLUsecase.REGRESSION
2023-04-27 12:08:28,837:INFO:version 3.0.0
2023-04-27 12:08:28,837:INFO:Initializing setup()
2023-04-27 12:08:28,837:INFO:self.USI: e11f
2023-04-27 12:08:28,837:INFO:self._variable_keys: {'gpu_param', 'idx', 'logging_param', 'y', 'X', 'exp_name_log', 'y_train', 'memory', 'html_param', 'fold_generator', '_available_plots', 'pipeline', 'log_plots_param', 'y_test', 'seed', 'X_train', 'transform_target_param', 'n_jobs_param', 'target_param', 'data', 'fold_groups_param', 'USI', 'fold_shuffle_param', '_ml_usecase', 'gpu_n_jobs_param', 'X_test', 'exp_id'}
2023-04-27 12:08:28,837:INFO:Checking environment
2023-04-27 12:08:28,837:INFO:python_version: 3.10.7
2023-04-27 12:08:28,837:INFO:python_build: ('v3.10.7:6cc6b13308', 'Sep  5 2022 14:02:52')
2023-04-27 12:08:28,837:INFO:machine: x86_64
2023-04-27 12:08:29,187:INFO:platform: macOS-12.5.1-x86_64-i386-64bit
2023-04-27 12:08:29,188:INFO:Memory: svmem(total=8589934592, available=2190032896, percent=74.5, used=4198531072, free=114520064, active=1795268608, inactive=2072911872, wired=2403262464)
2023-04-27 12:08:29,188:INFO:Physical Core: 2
2023-04-27 12:08:29,188:INFO:Logical Core: 2
2023-04-27 12:08:29,188:INFO:Checking libraries
2023-04-27 12:08:29,189:INFO:System:
2023-04-27 12:08:29,189:INFO:    python: 3.10.7 (v3.10.7:6cc6b13308, Sep  5 2022, 14:02:52) [Clang 13.0.0 (clang-1300.0.29.30)]
2023-04-27 12:08:29,189:INFO:executable: /usr/local/bin/python3
2023-04-27 12:08:29,189:INFO:   machine: macOS-12.5.1-x86_64-i386-64bit
2023-04-27 12:08:29,189:INFO:PyCaret required dependencies:
2023-04-27 12:08:29,190:INFO:                 pip: 22.3
2023-04-27 12:08:29,190:INFO:          setuptools: 63.2.0
2023-04-27 12:08:29,190:INFO:             pycaret: 3.0.0
2023-04-27 12:08:29,190:INFO:             IPython: 8.9.0
2023-04-27 12:08:29,190:INFO:          ipywidgets: 8.0.6
2023-04-27 12:08:29,190:INFO:                tqdm: 4.65.0
2023-04-27 12:08:29,190:INFO:               numpy: 1.23.3
2023-04-27 12:08:29,190:INFO:              pandas: 1.4.4
2023-04-27 12:08:29,190:INFO:              jinja2: 3.1.2
2023-04-27 12:08:29,190:INFO:               scipy: 1.9.1
2023-04-27 12:08:29,190:INFO:              joblib: 1.2.0
2023-04-27 12:08:29,190:INFO:             sklearn: 1.1.2
2023-04-27 12:08:29,190:INFO:                pyod: 1.0.9
2023-04-27 12:08:29,190:INFO:            imblearn: 0.10.1
2023-04-27 12:08:29,190:INFO:   category_encoders: 2.6.0
2023-04-27 12:08:29,190:INFO:            lightgbm: 3.3.5
2023-04-27 12:08:29,190:INFO:               numba: 0.56.4
2023-04-27 12:08:29,190:INFO:            requests: 2.28.1
2023-04-27 12:08:29,190:INFO:          matplotlib: 3.6.0
2023-04-27 12:08:29,190:INFO:          scikitplot: 0.3.7
2023-04-27 12:08:29,191:INFO:         yellowbrick: 1.5
2023-04-27 12:08:29,191:INFO:              plotly: 5.14.1
2023-04-27 12:08:29,191:INFO:             kaleido: 0.2.1
2023-04-27 12:08:29,191:INFO:         statsmodels: 0.13.5
2023-04-27 12:08:29,191:INFO:              sktime: 0.17.2
2023-04-27 12:08:29,191:INFO:               tbats: 1.1.3
2023-04-27 12:08:29,191:INFO:            pmdarima: 2.0.3
2023-04-27 12:08:29,191:INFO:              psutil: 5.9.5
2023-04-27 12:08:29,191:INFO:PyCaret optional dependencies:
2023-04-27 12:08:29,226:INFO:                shap: Not installed
2023-04-27 12:08:29,226:INFO:           interpret: Not installed
2023-04-27 12:08:29,226:INFO:                umap: Not installed
2023-04-27 12:08:29,226:INFO:    pandas_profiling: Not installed
2023-04-27 12:08:29,226:INFO:  explainerdashboard: Not installed
2023-04-27 12:08:29,226:INFO:             autoviz: Not installed
2023-04-27 12:08:29,226:INFO:           fairlearn: Not installed
2023-04-27 12:08:29,226:INFO:             xgboost: Not installed
2023-04-27 12:08:29,226:INFO:            catboost: Not installed
2023-04-27 12:08:29,226:INFO:              kmodes: Not installed
2023-04-27 12:08:29,226:INFO:             mlxtend: Not installed
2023-04-27 12:08:29,226:INFO:       statsforecast: Not installed
2023-04-27 12:08:29,226:INFO:        tune_sklearn: Not installed
2023-04-27 12:08:29,226:INFO:                 ray: Not installed
2023-04-27 12:08:29,226:INFO:            hyperopt: Not installed
2023-04-27 12:08:29,226:INFO:              optuna: Not installed
2023-04-27 12:08:29,226:INFO:               skopt: Not installed
2023-04-27 12:08:29,226:INFO:              mlflow: Not installed
2023-04-27 12:08:29,226:INFO:              gradio: Not installed
2023-04-27 12:08:29,227:INFO:             fastapi: Not installed
2023-04-27 12:08:29,227:INFO:             uvicorn: Not installed
2023-04-27 12:08:29,227:INFO:              m2cgen: Not installed
2023-04-27 12:08:29,227:INFO:           evidently: Not installed
2023-04-27 12:08:29,227:INFO:               fugue: Not installed
2023-04-27 12:08:29,227:INFO:           streamlit: Not installed
2023-04-27 12:08:29,227:INFO:             prophet: Not installed
2023-04-27 12:08:29,227:INFO:None
2023-04-27 12:08:29,227:INFO:Set up data.
2023-04-27 12:08:29,244:INFO:Set up train/test split.
2023-04-27 12:08:29,244:INFO:Set up data.
2023-04-27 12:08:29,253:INFO:Set up index.
2023-04-27 12:08:29,253:INFO:Set up folding strategy.
2023-04-27 12:08:29,253:INFO:Assigning column types.
2023-04-27 12:08:29,269:INFO:Engine successfully changes for model 'lr' to 'sklearn'.
2023-04-27 12:08:29,269:INFO:Engine for model 'lasso' has not been set explicitly, hence returning None.
2023-04-27 12:08:29,285:INFO:Engine for model 'ridge' has not been set explicitly, hence returning None.
2023-04-27 12:08:29,293:INFO:Engine for model 'en' has not been set explicitly, hence returning None.
2023-04-27 12:08:29,373:INFO:Engine for model 'svm' has not been set explicitly, hence returning None.
2023-04-27 12:08:29,428:INFO:Engine for model 'knn' has not been set explicitly, hence returning None.
2023-04-27 12:08:29,429:WARNING:
'xgboost' is a soft dependency and not included in the pycaret installation. Please run: `pip install xgboost` to install.
Alternately, you can install this by running `pip install pycaret[models]`
2023-04-27 12:10:39,249:INFO:PyCaret RegressionExperiment
2023-04-27 12:10:39,249:INFO:Logging name: reg-default-name
2023-04-27 12:10:39,249:INFO:ML Usecase: MLUsecase.REGRESSION
2023-04-27 12:10:39,249:INFO:version 3.0.0
2023-04-27 12:10:39,249:INFO:Initializing setup()
2023-04-27 12:10:39,249:INFO:self.USI: dc4c
2023-04-27 12:10:39,249:INFO:self._variable_keys: {'gpu_param', 'idx', 'logging_param', 'y', 'X', 'exp_name_log', 'y_train', 'memory', 'html_param', 'fold_generator', '_available_plots', 'pipeline', 'log_plots_param', 'y_test', 'seed', 'X_train', 'transform_target_param', 'n_jobs_param', 'target_param', 'data', 'fold_groups_param', 'USI', 'fold_shuffle_param', '_ml_usecase', 'gpu_n_jobs_param', 'X_test', 'exp_id'}
2023-04-27 12:10:39,249:INFO:Checking environment
2023-04-27 12:10:39,250:INFO:python_version: 3.10.7
2023-04-27 12:10:39,250:INFO:python_build: ('v3.10.7:6cc6b13308', 'Sep  5 2022 14:02:52')
2023-04-27 12:10:39,250:INFO:machine: x86_64
2023-04-27 12:10:39,250:INFO:platform: macOS-12.5.1-x86_64-i386-64bit
2023-04-27 12:10:39,250:INFO:Memory: svmem(total=8589934592, available=1960718336, percent=77.2, used=4317790208, free=42557440, active=1918992384, inactive=1905319936, wired=2398797824)
2023-04-27 12:10:39,250:INFO:Physical Core: 2
2023-04-27 12:10:39,250:INFO:Logical Core: 2
2023-04-27 12:10:39,250:INFO:Checking libraries
2023-04-27 12:10:39,250:INFO:System:
2023-04-27 12:10:39,250:INFO:    python: 3.10.7 (v3.10.7:6cc6b13308, Sep  5 2022, 14:02:52) [Clang 13.0.0 (clang-1300.0.29.30)]
2023-04-27 12:10:39,250:INFO:executable: /usr/local/bin/python3
2023-04-27 12:10:39,250:INFO:   machine: macOS-12.5.1-x86_64-i386-64bit
2023-04-27 12:10:39,250:INFO:PyCaret required dependencies:
2023-04-27 12:10:39,250:INFO:                 pip: 22.3
2023-04-27 12:10:39,250:INFO:          setuptools: 63.2.0
2023-04-27 12:10:39,250:INFO:             pycaret: 3.0.0
2023-04-27 12:10:39,251:INFO:             IPython: 8.9.0
2023-04-27 12:10:39,251:INFO:          ipywidgets: 8.0.6
2023-04-27 12:10:39,251:INFO:                tqdm: 4.65.0
2023-04-27 12:10:39,251:INFO:               numpy: 1.23.3
2023-04-27 12:10:39,251:INFO:              pandas: 1.4.4
2023-04-27 12:10:39,251:INFO:              jinja2: 3.1.2
2023-04-27 12:10:39,251:INFO:               scipy: 1.9.1
2023-04-27 12:10:39,251:INFO:              joblib: 1.2.0
2023-04-27 12:10:39,251:INFO:             sklearn: 1.1.2
2023-04-27 12:10:39,251:INFO:                pyod: 1.0.9
2023-04-27 12:10:39,251:INFO:            imblearn: 0.10.1
2023-04-27 12:10:39,251:INFO:   category_encoders: 2.6.0
2023-04-27 12:10:39,251:INFO:            lightgbm: 3.3.5
2023-04-27 12:10:39,251:INFO:               numba: 0.56.4
2023-04-27 12:10:39,251:INFO:            requests: 2.28.1
2023-04-27 12:10:39,251:INFO:          matplotlib: 3.6.0
2023-04-27 12:10:39,251:INFO:          scikitplot: 0.3.7
2023-04-27 12:10:39,251:INFO:         yellowbrick: 1.5
2023-04-27 12:10:39,251:INFO:              plotly: 5.14.1
2023-04-27 12:10:39,251:INFO:             kaleido: 0.2.1
2023-04-27 12:10:39,251:INFO:         statsmodels: 0.13.5
2023-04-27 12:10:39,251:INFO:              sktime: 0.17.2
2023-04-27 12:10:39,251:INFO:               tbats: 1.1.3
2023-04-27 12:10:39,251:INFO:            pmdarima: 2.0.3
2023-04-27 12:10:39,251:INFO:              psutil: 5.9.5
2023-04-27 12:10:39,252:INFO:PyCaret optional dependencies:
2023-04-27 12:10:39,252:INFO:                shap: Not installed
2023-04-27 12:10:39,252:INFO:           interpret: Not installed
2023-04-27 12:10:39,252:INFO:                umap: Not installed
2023-04-27 12:10:39,252:INFO:    pandas_profiling: Not installed
2023-04-27 12:10:39,252:INFO:  explainerdashboard: Not installed
2023-04-27 12:10:39,252:INFO:             autoviz: Not installed
2023-04-27 12:10:39,252:INFO:           fairlearn: Not installed
2023-04-27 12:10:39,252:INFO:             xgboost: Not installed
2023-04-27 12:10:39,252:INFO:            catboost: Not installed
2023-04-27 12:10:39,252:INFO:              kmodes: Not installed
2023-04-27 12:10:39,252:INFO:             mlxtend: Not installed
2023-04-27 12:10:39,252:INFO:       statsforecast: Not installed
2023-04-27 12:10:39,252:INFO:        tune_sklearn: Not installed
2023-04-27 12:10:39,252:INFO:                 ray: Not installed
2023-04-27 12:10:39,252:INFO:            hyperopt: Not installed
2023-04-27 12:10:39,252:INFO:              optuna: Not installed
2023-04-27 12:10:39,252:INFO:               skopt: Not installed
2023-04-27 12:10:39,252:INFO:              mlflow: Not installed
2023-04-27 12:10:39,252:INFO:              gradio: Not installed
2023-04-27 12:10:39,252:INFO:             fastapi: Not installed
2023-04-27 12:10:39,252:INFO:             uvicorn: Not installed
2023-04-27 12:10:39,252:INFO:              m2cgen: Not installed
2023-04-27 12:10:39,252:INFO:           evidently: Not installed
2023-04-27 12:10:39,253:INFO:               fugue: Not installed
2023-04-27 12:10:39,253:INFO:           streamlit: Not installed
2023-04-27 12:10:39,253:INFO:             prophet: Not installed
2023-04-27 12:10:39,253:INFO:None
2023-04-27 12:10:39,253:INFO:Set up data.
2023-04-27 12:10:39,257:INFO:Set up train/test split.
2023-04-27 12:10:39,257:INFO:Set up data.
2023-04-27 12:10:39,262:INFO:Set up index.
2023-04-27 12:10:39,262:INFO:Set up folding strategy.
2023-04-27 12:10:39,262:INFO:Assigning column types.
2023-04-27 12:10:39,266:INFO:Engine successfully changes for model 'lr' to 'sklearn'.
2023-04-27 12:10:39,266:INFO:Engine for model 'lasso' has not been set explicitly, hence returning None.
2023-04-27 12:10:39,271:INFO:Engine for model 'ridge' has not been set explicitly, hence returning None.
2023-04-27 12:10:39,277:INFO:Engine for model 'en' has not been set explicitly, hence returning None.
2023-04-27 12:10:39,350:INFO:Engine for model 'svm' has not been set explicitly, hence returning None.
2023-04-27 12:10:39,427:INFO:Engine for model 'knn' has not been set explicitly, hence returning None.
2023-04-27 12:10:39,429:WARNING:
'xgboost' is a soft dependency and not included in the pycaret installation. Please run: `pip install xgboost` to install.
Alternately, you can install this by running `pip install pycaret[models]`
2023-04-27 12:10:54,180:INFO:PyCaret RegressionExperiment
2023-04-27 12:10:54,180:INFO:Logging name: reg-default-name
2023-04-27 12:10:54,181:INFO:ML Usecase: MLUsecase.REGRESSION
2023-04-27 12:10:54,181:INFO:version 3.0.0
2023-04-27 12:10:54,181:INFO:Initializing setup()
2023-04-27 12:10:54,181:INFO:self.USI: 107b
2023-04-27 12:10:54,181:INFO:self._variable_keys: {'gpu_param', 'idx', 'logging_param', 'y', 'X', 'exp_name_log', 'y_train', 'memory', 'html_param', 'fold_generator', '_available_plots', 'pipeline', 'log_plots_param', 'y_test', 'seed', 'X_train', 'transform_target_param', 'n_jobs_param', 'target_param', 'data', 'fold_groups_param', 'USI', 'fold_shuffle_param', '_ml_usecase', 'gpu_n_jobs_param', 'X_test', 'exp_id'}
2023-04-27 12:10:54,181:INFO:Checking environment
2023-04-27 12:10:54,181:INFO:python_version: 3.10.7
2023-04-27 12:10:54,181:INFO:python_build: ('v3.10.7:6cc6b13308', 'Sep  5 2022 14:02:52')
2023-04-27 12:10:54,181:INFO:machine: x86_64
2023-04-27 12:10:54,181:INFO:platform: macOS-12.5.1-x86_64-i386-64bit
2023-04-27 12:10:54,181:INFO:Memory: svmem(total=8589934592, available=1871560704, percent=78.2, used=4296450048, free=19324928, active=1853358080, inactive=1848356864, wired=2443091968)
2023-04-27 12:10:54,181:INFO:Physical Core: 2
2023-04-27 12:10:54,181:INFO:Logical Core: 2
2023-04-27 12:10:54,181:INFO:Checking libraries
2023-04-27 12:10:54,181:INFO:System:
2023-04-27 12:10:54,181:INFO:    python: 3.10.7 (v3.10.7:6cc6b13308, Sep  5 2022, 14:02:52) [Clang 13.0.0 (clang-1300.0.29.30)]
2023-04-27 12:10:54,181:INFO:executable: /usr/local/bin/python3
2023-04-27 12:10:54,181:INFO:   machine: macOS-12.5.1-x86_64-i386-64bit
2023-04-27 12:10:54,182:INFO:PyCaret required dependencies:
2023-04-27 12:10:54,182:INFO:                 pip: 22.3
2023-04-27 12:10:54,182:INFO:          setuptools: 63.2.0
2023-04-27 12:10:54,182:INFO:             pycaret: 3.0.0
2023-04-27 12:10:54,182:INFO:             IPython: 8.9.0
2023-04-27 12:10:54,182:INFO:          ipywidgets: 8.0.6
2023-04-27 12:10:54,182:INFO:                tqdm: 4.65.0
2023-04-27 12:10:54,182:INFO:               numpy: 1.23.3
2023-04-27 12:10:54,182:INFO:              pandas: 1.4.4
2023-04-27 12:10:54,182:INFO:              jinja2: 3.1.2
2023-04-27 12:10:54,182:INFO:               scipy: 1.9.1
2023-04-27 12:10:54,182:INFO:              joblib: 1.2.0
2023-04-27 12:10:54,182:INFO:             sklearn: 1.1.2
2023-04-27 12:10:54,182:INFO:                pyod: 1.0.9
2023-04-27 12:10:54,182:INFO:            imblearn: 0.10.1
2023-04-27 12:10:54,182:INFO:   category_encoders: 2.6.0
2023-04-27 12:10:54,182:INFO:            lightgbm: 3.3.5
2023-04-27 12:10:54,182:INFO:               numba: 0.56.4
2023-04-27 12:10:54,182:INFO:            requests: 2.28.1
2023-04-27 12:10:54,182:INFO:          matplotlib: 3.6.0
2023-04-27 12:10:54,182:INFO:          scikitplot: 0.3.7
2023-04-27 12:10:54,182:INFO:         yellowbrick: 1.5
2023-04-27 12:10:54,183:INFO:              plotly: 5.14.1
2023-04-27 12:10:54,183:INFO:             kaleido: 0.2.1
2023-04-27 12:10:54,183:INFO:         statsmodels: 0.13.5
2023-04-27 12:10:54,183:INFO:              sktime: 0.17.2
2023-04-27 12:10:54,183:INFO:               tbats: 1.1.3
2023-04-27 12:10:54,183:INFO:            pmdarima: 2.0.3
2023-04-27 12:10:54,183:INFO:              psutil: 5.9.5
2023-04-27 12:10:54,183:INFO:PyCaret optional dependencies:
2023-04-27 12:10:54,183:INFO:                shap: Not installed
2023-04-27 12:10:54,183:INFO:           interpret: Not installed
2023-04-27 12:10:54,183:INFO:                umap: Not installed
2023-04-27 12:10:54,183:INFO:    pandas_profiling: Not installed
2023-04-27 12:10:54,183:INFO:  explainerdashboard: Not installed
2023-04-27 12:10:54,183:INFO:             autoviz: Not installed
2023-04-27 12:10:54,183:INFO:           fairlearn: Not installed
2023-04-27 12:10:54,183:INFO:             xgboost: Not installed
2023-04-27 12:10:54,183:INFO:            catboost: Not installed
2023-04-27 12:10:54,183:INFO:              kmodes: Not installed
2023-04-27 12:10:54,183:INFO:             mlxtend: Not installed
2023-04-27 12:10:54,183:INFO:       statsforecast: Not installed
2023-04-27 12:10:54,183:INFO:        tune_sklearn: Not installed
2023-04-27 12:10:54,183:INFO:                 ray: Not installed
2023-04-27 12:10:54,183:INFO:            hyperopt: Not installed
2023-04-27 12:10:54,184:INFO:              optuna: Not installed
2023-04-27 12:10:54,184:INFO:               skopt: Not installed
2023-04-27 12:10:54,184:INFO:              mlflow: Not installed
2023-04-27 12:10:54,184:INFO:              gradio: Not installed
2023-04-27 12:10:54,184:INFO:             fastapi: Not installed
2023-04-27 12:10:54,184:INFO:             uvicorn: Not installed
2023-04-27 12:10:54,184:INFO:              m2cgen: Not installed
2023-04-27 12:10:54,184:INFO:           evidently: Not installed
2023-04-27 12:10:54,184:INFO:               fugue: Not installed
2023-04-27 12:10:54,184:INFO:           streamlit: Not installed
2023-04-27 12:10:54,184:INFO:             prophet: Not installed
2023-04-27 12:10:54,184:INFO:None
2023-04-27 12:10:54,184:INFO:Set up data.
2023-04-27 12:10:54,188:INFO:Set up train/test split.
2023-04-27 12:10:54,188:INFO:Set up data.
2023-04-27 12:10:54,193:INFO:Set up index.
2023-04-27 12:10:54,194:INFO:Set up folding strategy.
2023-04-27 12:10:54,194:INFO:Assigning column types.
2023-04-27 12:10:54,200:INFO:Engine successfully changes for model 'lr' to 'sklearn'.
2023-04-27 12:10:54,200:INFO:Engine for model 'lasso' has not been set explicitly, hence returning None.
2023-04-27 12:10:54,206:INFO:Engine for model 'ridge' has not been set explicitly, hence returning None.
2023-04-27 12:10:54,212:INFO:Engine for model 'en' has not been set explicitly, hence returning None.
2023-04-27 12:10:54,292:INFO:Engine for model 'svm' has not been set explicitly, hence returning None.
2023-04-27 12:10:54,353:INFO:Engine for model 'knn' has not been set explicitly, hence returning None.
2023-04-27 12:10:54,353:WARNING:
'xgboost' is a soft dependency and not included in the pycaret installation. Please run: `pip install xgboost` to install.
Alternately, you can install this by running `pip install pycaret[models]`
2023-04-27 12:11:36,145:INFO:PyCaret RegressionExperiment
2023-04-27 12:11:36,145:INFO:Logging name: reg-default-name
2023-04-27 12:11:36,145:INFO:ML Usecase: MLUsecase.REGRESSION
2023-04-27 12:11:36,145:INFO:version 3.0.0
2023-04-27 12:11:36,145:INFO:Initializing setup()
2023-04-27 12:11:36,145:INFO:self.USI: 7ea6
2023-04-27 12:11:36,145:INFO:self._variable_keys: {'gpu_param', 'idx', 'logging_param', 'y', 'X', 'exp_name_log', 'y_train', 'memory', 'html_param', 'fold_generator', '_available_plots', 'pipeline', 'log_plots_param', 'y_test', 'seed', 'X_train', 'transform_target_param', 'n_jobs_param', 'target_param', 'data', 'fold_groups_param', 'USI', 'fold_shuffle_param', '_ml_usecase', 'gpu_n_jobs_param', 'X_test', 'exp_id'}
2023-04-27 12:11:36,145:INFO:Checking environment
2023-04-27 12:11:36,145:INFO:python_version: 3.10.7
2023-04-27 12:11:36,145:INFO:python_build: ('v3.10.7:6cc6b13308', 'Sep  5 2022 14:02:52')
2023-04-27 12:11:36,145:INFO:machine: x86_64
2023-04-27 12:11:36,146:INFO:platform: macOS-12.5.1-x86_64-i386-64bit
2023-04-27 12:11:36,146:INFO:Memory: svmem(total=8589934592, available=1899991040, percent=77.9, used=4264108032, free=36126720, active=1865224192, inactive=1860026368, wired=2398883840)
2023-04-27 12:11:36,146:INFO:Physical Core: 2
2023-04-27 12:11:36,146:INFO:Logical Core: 2
2023-04-27 12:11:36,146:INFO:Checking libraries
2023-04-27 12:11:36,146:INFO:System:
2023-04-27 12:11:36,146:INFO:    python: 3.10.7 (v3.10.7:6cc6b13308, Sep  5 2022, 14:02:52) [Clang 13.0.0 (clang-1300.0.29.30)]
2023-04-27 12:11:36,146:INFO:executable: /usr/local/bin/python3
2023-04-27 12:11:36,146:INFO:   machine: macOS-12.5.1-x86_64-i386-64bit
2023-04-27 12:11:36,146:INFO:PyCaret required dependencies:
2023-04-27 12:11:36,146:INFO:                 pip: 22.3
2023-04-27 12:11:36,146:INFO:          setuptools: 63.2.0
2023-04-27 12:11:36,146:INFO:             pycaret: 3.0.0
2023-04-27 12:11:36,146:INFO:             IPython: 8.9.0
2023-04-27 12:11:36,146:INFO:          ipywidgets: 8.0.6
2023-04-27 12:11:36,146:INFO:                tqdm: 4.65.0
2023-04-27 12:11:36,146:INFO:               numpy: 1.23.3
2023-04-27 12:11:36,146:INFO:              pandas: 1.4.4
2023-04-27 12:11:36,146:INFO:              jinja2: 3.1.2
2023-04-27 12:11:36,146:INFO:               scipy: 1.9.1
2023-04-27 12:11:36,146:INFO:              joblib: 1.2.0
2023-04-27 12:11:36,147:INFO:             sklearn: 1.1.2
2023-04-27 12:11:36,147:INFO:                pyod: 1.0.9
2023-04-27 12:11:36,147:INFO:            imblearn: 0.10.1
2023-04-27 12:11:36,147:INFO:   category_encoders: 2.6.0
2023-04-27 12:11:36,147:INFO:            lightgbm: 3.3.5
2023-04-27 12:11:36,147:INFO:               numba: 0.56.4
2023-04-27 12:11:36,147:INFO:            requests: 2.28.1
2023-04-27 12:11:36,147:INFO:          matplotlib: 3.6.0
2023-04-27 12:11:36,147:INFO:          scikitplot: 0.3.7
2023-04-27 12:11:36,147:INFO:         yellowbrick: 1.5
2023-04-27 12:11:36,147:INFO:              plotly: 5.14.1
2023-04-27 12:11:36,147:INFO:             kaleido: 0.2.1
2023-04-27 12:11:36,147:INFO:         statsmodels: 0.13.5
2023-04-27 12:11:36,147:INFO:              sktime: 0.17.2
2023-04-27 12:11:36,147:INFO:               tbats: 1.1.3
2023-04-27 12:11:36,147:INFO:            pmdarima: 2.0.3
2023-04-27 12:11:36,147:INFO:              psutil: 5.9.5
2023-04-27 12:11:36,147:INFO:PyCaret optional dependencies:
2023-04-27 12:11:36,147:INFO:                shap: Not installed
2023-04-27 12:11:36,147:INFO:           interpret: Not installed
2023-04-27 12:11:36,147:INFO:                umap: Not installed
2023-04-27 12:11:36,147:INFO:    pandas_profiling: Not installed
2023-04-27 12:11:36,147:INFO:  explainerdashboard: Not installed
2023-04-27 12:11:36,147:INFO:             autoviz: Not installed
2023-04-27 12:11:36,148:INFO:           fairlearn: Not installed
2023-04-27 12:11:36,148:INFO:             xgboost: Not installed
2023-04-27 12:11:36,148:INFO:            catboost: Not installed
2023-04-27 12:11:36,148:INFO:              kmodes: Not installed
2023-04-27 12:11:36,148:INFO:             mlxtend: Not installed
2023-04-27 12:11:36,148:INFO:       statsforecast: Not installed
2023-04-27 12:11:36,148:INFO:        tune_sklearn: Not installed
2023-04-27 12:11:36,148:INFO:                 ray: Not installed
2023-04-27 12:11:36,148:INFO:            hyperopt: Not installed
2023-04-27 12:11:36,148:INFO:              optuna: Not installed
2023-04-27 12:11:36,148:INFO:               skopt: Not installed
2023-04-27 12:11:36,148:INFO:              mlflow: Not installed
2023-04-27 12:11:36,148:INFO:              gradio: Not installed
2023-04-27 12:11:36,148:INFO:             fastapi: Not installed
2023-04-27 12:11:36,148:INFO:             uvicorn: Not installed
2023-04-27 12:11:36,148:INFO:              m2cgen: Not installed
2023-04-27 12:11:36,148:INFO:           evidently: Not installed
2023-04-27 12:11:36,148:INFO:               fugue: Not installed
2023-04-27 12:11:36,148:INFO:           streamlit: Not installed
2023-04-27 12:11:36,148:INFO:             prophet: Not installed
2023-04-27 12:11:36,148:INFO:None
2023-04-27 12:11:36,148:INFO:Set up data.
2023-04-27 12:11:36,153:INFO:Set up train/test split.
2023-04-27 12:11:36,153:INFO:Set up data.
2023-04-27 12:11:36,157:INFO:Set up index.
2023-04-27 12:11:36,157:INFO:Set up folding strategy.
2023-04-27 12:11:36,157:INFO:Assigning column types.
2023-04-27 12:11:36,161:INFO:Engine successfully changes for model 'lr' to 'sklearn'.
2023-04-27 12:11:36,161:INFO:Engine for model 'lasso' has not been set explicitly, hence returning None.
2023-04-27 12:11:36,167:INFO:Engine for model 'ridge' has not been set explicitly, hence returning None.
2023-04-27 12:11:36,172:INFO:Engine for model 'en' has not been set explicitly, hence returning None.
2023-04-27 12:11:36,244:INFO:Engine for model 'svm' has not been set explicitly, hence returning None.
2023-04-27 12:11:36,302:INFO:Engine for model 'knn' has not been set explicitly, hence returning None.
2023-04-27 12:11:36,303:WARNING:
'xgboost' is a soft dependency and not included in the pycaret installation. Please run: `pip install xgboost` to install.
Alternately, you can install this by running `pip install pycaret[models]`
2023-04-27 12:11:57,579:INFO:PyCaret RegressionExperiment
2023-04-27 12:11:57,580:INFO:Logging name: reg-default-name
2023-04-27 12:11:57,580:INFO:ML Usecase: MLUsecase.REGRESSION
2023-04-27 12:11:57,580:INFO:version 3.0.0
2023-04-27 12:11:57,580:INFO:Initializing setup()
2023-04-27 12:11:57,580:INFO:self.USI: d146
2023-04-27 12:11:57,580:INFO:self._variable_keys: {'gpu_param', 'idx', 'logging_param', 'y', 'X', 'exp_name_log', 'y_train', 'memory', 'html_param', 'fold_generator', '_available_plots', 'pipeline', 'log_plots_param', 'y_test', 'seed', 'X_train', 'transform_target_param', 'n_jobs_param', 'target_param', 'data', 'fold_groups_param', 'USI', 'fold_shuffle_param', '_ml_usecase', 'gpu_n_jobs_param', 'X_test', 'exp_id'}
2023-04-27 12:11:57,580:INFO:Checking environment
2023-04-27 12:11:57,580:INFO:python_version: 3.10.7
2023-04-27 12:11:57,580:INFO:python_build: ('v3.10.7:6cc6b13308', 'Sep  5 2022 14:02:52')
2023-04-27 12:11:57,580:INFO:machine: x86_64
2023-04-27 12:11:57,580:INFO:platform: macOS-12.5.1-x86_64-i386-64bit
2023-04-27 12:11:57,580:INFO:Memory: svmem(total=8589934592, available=1894678528, percent=77.9, used=4269735936, free=19193856, active=1876975616, inactive=1875111936, wired=2392760320)
2023-04-27 12:11:57,580:INFO:Physical Core: 2
2023-04-27 12:11:57,580:INFO:Logical Core: 2
2023-04-27 12:11:57,580:INFO:Checking libraries
2023-04-27 12:11:57,580:INFO:System:
2023-04-27 12:11:57,580:INFO:    python: 3.10.7 (v3.10.7:6cc6b13308, Sep  5 2022, 14:02:52) [Clang 13.0.0 (clang-1300.0.29.30)]
2023-04-27 12:11:57,581:INFO:executable: /usr/local/bin/python3
2023-04-27 12:11:57,581:INFO:   machine: macOS-12.5.1-x86_64-i386-64bit
2023-04-27 12:11:57,581:INFO:PyCaret required dependencies:
2023-04-27 12:11:57,581:INFO:                 pip: 22.3
2023-04-27 12:11:57,581:INFO:          setuptools: 63.2.0
2023-04-27 12:11:57,581:INFO:             pycaret: 3.0.0
2023-04-27 12:11:57,581:INFO:             IPython: 8.9.0
2023-04-27 12:11:57,581:INFO:          ipywidgets: 8.0.6
2023-04-27 12:11:57,581:INFO:                tqdm: 4.65.0
2023-04-27 12:11:57,581:INFO:               numpy: 1.23.3
2023-04-27 12:11:57,581:INFO:              pandas: 1.4.4
2023-04-27 12:11:57,581:INFO:              jinja2: 3.1.2
2023-04-27 12:11:57,581:INFO:               scipy: 1.9.1
2023-04-27 12:11:57,581:INFO:              joblib: 1.2.0
2023-04-27 12:11:57,581:INFO:             sklearn: 1.1.2
2023-04-27 12:11:57,581:INFO:                pyod: 1.0.9
2023-04-27 12:11:57,581:INFO:            imblearn: 0.10.1
2023-04-27 12:11:57,581:INFO:   category_encoders: 2.6.0
2023-04-27 12:11:57,581:INFO:            lightgbm: 3.3.5
2023-04-27 12:11:57,581:INFO:               numba: 0.56.4
2023-04-27 12:11:57,581:INFO:            requests: 2.28.1
2023-04-27 12:11:57,581:INFO:          matplotlib: 3.6.0
2023-04-27 12:11:57,582:INFO:          scikitplot: 0.3.7
2023-04-27 12:11:57,582:INFO:         yellowbrick: 1.5
2023-04-27 12:11:57,582:INFO:              plotly: 5.14.1
2023-04-27 12:11:57,582:INFO:             kaleido: 0.2.1
2023-04-27 12:11:57,582:INFO:         statsmodels: 0.13.5
2023-04-27 12:11:57,582:INFO:              sktime: 0.17.2
2023-04-27 12:11:57,582:INFO:               tbats: 1.1.3
2023-04-27 12:11:57,582:INFO:            pmdarima: 2.0.3
2023-04-27 12:11:57,582:INFO:              psutil: 5.9.5
2023-04-27 12:11:57,582:INFO:PyCaret optional dependencies:
2023-04-27 12:11:57,582:INFO:                shap: Not installed
2023-04-27 12:11:57,582:INFO:           interpret: Not installed
2023-04-27 12:11:57,582:INFO:                umap: Not installed
2023-04-27 12:11:57,582:INFO:    pandas_profiling: Not installed
2023-04-27 12:11:57,582:INFO:  explainerdashboard: Not installed
2023-04-27 12:11:57,582:INFO:             autoviz: Not installed
2023-04-27 12:11:57,582:INFO:           fairlearn: Not installed
2023-04-27 12:11:57,582:INFO:             xgboost: Not installed
2023-04-27 12:11:57,582:INFO:            catboost: Not installed
2023-04-27 12:11:57,582:INFO:              kmodes: Not installed
2023-04-27 12:11:57,582:INFO:             mlxtend: Not installed
2023-04-27 12:11:57,582:INFO:       statsforecast: Not installed
2023-04-27 12:11:57,582:INFO:        tune_sklearn: Not installed
2023-04-27 12:11:57,583:INFO:                 ray: Not installed
2023-04-27 12:11:57,583:INFO:            hyperopt: Not installed
2023-04-27 12:11:57,583:INFO:              optuna: Not installed
2023-04-27 12:11:57,583:INFO:               skopt: Not installed
2023-04-27 12:11:57,583:INFO:              mlflow: Not installed
2023-04-27 12:11:57,583:INFO:              gradio: Not installed
2023-04-27 12:11:57,583:INFO:             fastapi: Not installed
2023-04-27 12:11:57,583:INFO:             uvicorn: Not installed
2023-04-27 12:11:57,583:INFO:              m2cgen: Not installed
2023-04-27 12:11:57,583:INFO:           evidently: Not installed
2023-04-27 12:11:57,583:INFO:               fugue: Not installed
2023-04-27 12:11:57,583:INFO:           streamlit: Not installed
2023-04-27 12:11:57,583:INFO:             prophet: Not installed
2023-04-27 12:11:57,583:INFO:None
2023-04-27 12:11:57,583:INFO:Set up data.
2023-04-27 12:11:57,587:INFO:Set up train/test split.
2023-04-27 12:11:57,588:INFO:Set up data.
2023-04-27 12:11:57,592:INFO:Set up index.
2023-04-27 12:11:57,592:INFO:Set up folding strategy.
2023-04-27 12:11:57,592:INFO:Assigning column types.
2023-04-27 12:11:57,596:INFO:Engine successfully changes for model 'lr' to 'sklearn'.
2023-04-27 12:11:57,596:INFO:Engine for model 'lasso' has not been set explicitly, hence returning None.
2023-04-27 12:11:57,602:INFO:Engine for model 'ridge' has not been set explicitly, hence returning None.
2023-04-27 12:11:57,608:INFO:Engine for model 'en' has not been set explicitly, hence returning None.
2023-04-27 12:11:57,692:INFO:Engine for model 'svm' has not been set explicitly, hence returning None.
2023-04-27 12:11:57,760:INFO:Engine for model 'knn' has not been set explicitly, hence returning None.
2023-04-27 12:11:57,761:WARNING:
'xgboost' is a soft dependency and not included in the pycaret installation. Please run: `pip install xgboost` to install.
Alternately, you can install this by running `pip install pycaret[models]`
2023-04-27 12:12:10,035:INFO:PyCaret RegressionExperiment
2023-04-27 12:12:10,035:INFO:Logging name: reg-default-name
2023-04-27 12:12:10,035:INFO:ML Usecase: MLUsecase.REGRESSION
2023-04-27 12:12:10,035:INFO:version 3.0.0
2023-04-27 12:12:10,035:INFO:Initializing setup()
2023-04-27 12:12:10,035:INFO:self.USI: ee65
2023-04-27 12:12:10,035:INFO:self._variable_keys: {'gpu_param', 'idx', 'logging_param', 'y', 'X', 'exp_name_log', 'y_train', 'memory', 'html_param', 'fold_generator', '_available_plots', 'pipeline', 'log_plots_param', 'y_test', 'seed', 'X_train', 'transform_target_param', 'n_jobs_param', 'target_param', 'data', 'fold_groups_param', 'USI', 'fold_shuffle_param', '_ml_usecase', 'gpu_n_jobs_param', 'X_test', 'exp_id'}
2023-04-27 12:12:10,035:INFO:Checking environment
2023-04-27 12:12:10,035:INFO:python_version: 3.10.7
2023-04-27 12:12:10,035:INFO:python_build: ('v3.10.7:6cc6b13308', 'Sep  5 2022 14:02:52')
2023-04-27 12:12:10,035:INFO:machine: x86_64
2023-04-27 12:12:10,035:INFO:platform: macOS-12.5.1-x86_64-i386-64bit
2023-04-27 12:12:10,035:INFO:Memory: svmem(total=8589934592, available=1908920320, percent=77.8, used=4257435648, free=29777920, active=1879425024, inactive=1877049344, wired=2378010624)
2023-04-27 12:12:10,035:INFO:Physical Core: 2
2023-04-27 12:12:10,036:INFO:Logical Core: 2
2023-04-27 12:12:10,036:INFO:Checking libraries
2023-04-27 12:12:10,036:INFO:System:
2023-04-27 12:12:10,036:INFO:    python: 3.10.7 (v3.10.7:6cc6b13308, Sep  5 2022, 14:02:52) [Clang 13.0.0 (clang-1300.0.29.30)]
2023-04-27 12:12:10,036:INFO:executable: /usr/local/bin/python3
2023-04-27 12:12:10,036:INFO:   machine: macOS-12.5.1-x86_64-i386-64bit
2023-04-27 12:12:10,036:INFO:PyCaret required dependencies:
2023-04-27 12:12:10,036:INFO:                 pip: 22.3
2023-04-27 12:12:10,036:INFO:          setuptools: 63.2.0
2023-04-27 12:12:10,036:INFO:             pycaret: 3.0.0
2023-04-27 12:12:10,036:INFO:             IPython: 8.9.0
2023-04-27 12:12:10,036:INFO:          ipywidgets: 8.0.6
2023-04-27 12:12:10,036:INFO:                tqdm: 4.65.0
2023-04-27 12:12:10,036:INFO:               numpy: 1.23.3
2023-04-27 12:12:10,036:INFO:              pandas: 1.4.4
2023-04-27 12:12:10,036:INFO:              jinja2: 3.1.2
2023-04-27 12:12:10,036:INFO:               scipy: 1.9.1
2023-04-27 12:12:10,036:INFO:              joblib: 1.2.0
2023-04-27 12:12:10,036:INFO:             sklearn: 1.1.2
2023-04-27 12:12:10,036:INFO:                pyod: 1.0.9
2023-04-27 12:12:10,036:INFO:            imblearn: 0.10.1
2023-04-27 12:12:10,036:INFO:   category_encoders: 2.6.0
2023-04-27 12:12:10,036:INFO:            lightgbm: 3.3.5
2023-04-27 12:12:10,037:INFO:               numba: 0.56.4
2023-04-27 12:12:10,037:INFO:            requests: 2.28.1
2023-04-27 12:12:10,037:INFO:          matplotlib: 3.6.0
2023-04-27 12:12:10,037:INFO:          scikitplot: 0.3.7
2023-04-27 12:12:10,037:INFO:         yellowbrick: 1.5
2023-04-27 12:12:10,037:INFO:              plotly: 5.14.1
2023-04-27 12:12:10,037:INFO:             kaleido: 0.2.1
2023-04-27 12:12:10,037:INFO:         statsmodels: 0.13.5
2023-04-27 12:12:10,037:INFO:              sktime: 0.17.2
2023-04-27 12:12:10,037:INFO:               tbats: 1.1.3
2023-04-27 12:12:10,037:INFO:            pmdarima: 2.0.3
2023-04-27 12:12:10,037:INFO:              psutil: 5.9.5
2023-04-27 12:12:10,037:INFO:PyCaret optional dependencies:
2023-04-27 12:12:10,037:INFO:                shap: Not installed
2023-04-27 12:12:10,037:INFO:           interpret: Not installed
2023-04-27 12:12:10,037:INFO:                umap: Not installed
2023-04-27 12:12:10,037:INFO:    pandas_profiling: Not installed
2023-04-27 12:12:10,037:INFO:  explainerdashboard: Not installed
2023-04-27 12:12:10,037:INFO:             autoviz: Not installed
2023-04-27 12:12:10,037:INFO:           fairlearn: Not installed
2023-04-27 12:12:10,037:INFO:             xgboost: Not installed
2023-04-27 12:12:10,038:INFO:            catboost: Not installed
2023-04-27 12:12:10,038:INFO:              kmodes: Not installed
2023-04-27 12:12:10,038:INFO:             mlxtend: Not installed
2023-04-27 12:12:10,038:INFO:       statsforecast: Not installed
2023-04-27 12:12:10,038:INFO:        tune_sklearn: Not installed
2023-04-27 12:12:10,038:INFO:                 ray: Not installed
2023-04-27 12:12:10,038:INFO:            hyperopt: Not installed
2023-04-27 12:12:10,038:INFO:              optuna: Not installed
2023-04-27 12:12:10,038:INFO:               skopt: Not installed
2023-04-27 12:12:10,038:INFO:              mlflow: Not installed
2023-04-27 12:12:10,038:INFO:              gradio: Not installed
2023-04-27 12:12:10,038:INFO:             fastapi: Not installed
2023-04-27 12:12:10,038:INFO:             uvicorn: Not installed
2023-04-27 12:12:10,038:INFO:              m2cgen: Not installed
2023-04-27 12:12:10,038:INFO:           evidently: Not installed
2023-04-27 12:12:10,038:INFO:               fugue: Not installed
2023-04-27 12:12:10,038:INFO:           streamlit: Not installed
2023-04-27 12:12:10,038:INFO:             prophet: Not installed
2023-04-27 12:12:10,038:INFO:None
2023-04-27 12:12:10,038:INFO:Set up data.
2023-04-27 12:12:10,043:INFO:Set up train/test split.
2023-04-27 12:12:10,043:INFO:Set up data.
2023-04-27 12:12:10,050:INFO:Set up index.
2023-04-27 12:12:10,050:INFO:Set up folding strategy.
2023-04-27 12:12:10,050:INFO:Assigning column types.
2023-04-27 12:12:10,054:INFO:Engine successfully changes for model 'lr' to 'sklearn'.
2023-04-27 12:12:10,054:INFO:Engine for model 'lasso' has not been set explicitly, hence returning None.
2023-04-27 12:12:10,062:INFO:Engine for model 'ridge' has not been set explicitly, hence returning None.
2023-04-27 12:12:10,069:INFO:Engine for model 'en' has not been set explicitly, hence returning None.
2023-04-27 12:12:10,187:INFO:Engine for model 'svm' has not been set explicitly, hence returning None.
2023-04-27 12:12:10,242:INFO:Engine for model 'knn' has not been set explicitly, hence returning None.
2023-04-27 12:12:10,242:WARNING:
'xgboost' is a soft dependency and not included in the pycaret installation. Please run: `pip install xgboost` to install.
Alternately, you can install this by running `pip install pycaret[models]`
2023-04-27 12:15:25,780:INFO:PyCaret RegressionExperiment
2023-04-27 12:15:25,780:INFO:Logging name: reg-default-name
2023-04-27 12:15:25,780:INFO:ML Usecase: MLUsecase.REGRESSION
2023-04-27 12:15:25,780:INFO:version 3.0.0
2023-04-27 12:15:25,780:INFO:Initializing setup()
2023-04-27 12:15:25,780:INFO:self.USI: 17b2
2023-04-27 12:15:25,780:INFO:self._variable_keys: {'gpu_param', 'idx', 'logging_param', 'y', 'X', 'exp_name_log', 'y_train', 'memory', 'html_param', 'fold_generator', '_available_plots', 'pipeline', 'log_plots_param', 'y_test', 'seed', 'X_train', 'transform_target_param', 'n_jobs_param', 'target_param', 'data', 'fold_groups_param', 'USI', 'fold_shuffle_param', '_ml_usecase', 'gpu_n_jobs_param', 'X_test', 'exp_id'}
2023-04-27 12:15:25,780:INFO:Checking environment
2023-04-27 12:15:25,780:INFO:python_version: 3.10.7
2023-04-27 12:15:25,780:INFO:python_build: ('v3.10.7:6cc6b13308', 'Sep  5 2022 14:02:52')
2023-04-27 12:15:25,781:INFO:machine: x86_64
2023-04-27 12:15:25,781:INFO:platform: macOS-12.5.1-x86_64-i386-64bit
2023-04-27 12:15:25,781:INFO:Memory: svmem(total=8589934592, available=1978884096, percent=77.0, used=4406628352, free=22188032, active=1958518784, inactive=1932738560, wired=2448109568)
2023-04-27 12:15:25,781:INFO:Physical Core: 2
2023-04-27 12:15:25,781:INFO:Logical Core: 2
2023-04-27 12:15:25,781:INFO:Checking libraries
2023-04-27 12:15:25,781:INFO:System:
2023-04-27 12:15:25,781:INFO:    python: 3.10.7 (v3.10.7:6cc6b13308, Sep  5 2022, 14:02:52) [Clang 13.0.0 (clang-1300.0.29.30)]
2023-04-27 12:15:25,781:INFO:executable: /usr/local/bin/python3
2023-04-27 12:15:25,781:INFO:   machine: macOS-12.5.1-x86_64-i386-64bit
2023-04-27 12:15:25,781:INFO:PyCaret required dependencies:
2023-04-27 12:15:25,781:INFO:                 pip: 22.3
2023-04-27 12:15:25,781:INFO:          setuptools: 63.2.0
2023-04-27 12:15:25,781:INFO:             pycaret: 3.0.0
2023-04-27 12:15:25,781:INFO:             IPython: 8.9.0
2023-04-27 12:15:25,781:INFO:          ipywidgets: 8.0.6
2023-04-27 12:15:25,781:INFO:                tqdm: 4.65.0
2023-04-27 12:15:25,781:INFO:               numpy: 1.23.3
2023-04-27 12:15:25,782:INFO:              pandas: 1.4.4
2023-04-27 12:15:25,782:INFO:              jinja2: 3.1.2
2023-04-27 12:15:25,782:INFO:               scipy: 1.9.1
2023-04-27 12:15:25,782:INFO:              joblib: 1.2.0
2023-04-27 12:15:25,782:INFO:             sklearn: 1.1.2
2023-04-27 12:15:25,782:INFO:                pyod: 1.0.9
2023-04-27 12:15:25,782:INFO:            imblearn: 0.10.1
2023-04-27 12:15:25,782:INFO:   category_encoders: 2.6.0
2023-04-27 12:15:25,782:INFO:            lightgbm: 3.3.5
2023-04-27 12:15:25,782:INFO:               numba: 0.56.4
2023-04-27 12:15:25,782:INFO:            requests: 2.28.1
2023-04-27 12:15:25,782:INFO:          matplotlib: 3.6.0
2023-04-27 12:15:25,782:INFO:          scikitplot: 0.3.7
2023-04-27 12:15:25,782:INFO:         yellowbrick: 1.5
2023-04-27 12:15:25,782:INFO:              plotly: 5.14.1
2023-04-27 12:15:25,782:INFO:             kaleido: 0.2.1
2023-04-27 12:15:25,782:INFO:         statsmodels: 0.13.5
2023-04-27 12:15:25,782:INFO:              sktime: 0.17.2
2023-04-27 12:15:25,782:INFO:               tbats: 1.1.3
2023-04-27 12:15:25,782:INFO:            pmdarima: 2.0.3
2023-04-27 12:15:25,782:INFO:              psutil: 5.9.5
2023-04-27 12:15:25,782:INFO:PyCaret optional dependencies:
2023-04-27 12:15:25,783:INFO:                shap: Not installed
2023-04-27 12:15:25,783:INFO:           interpret: Not installed
2023-04-27 12:15:25,783:INFO:                umap: Not installed
2023-04-27 12:15:25,783:INFO:    pandas_profiling: Not installed
2023-04-27 12:15:25,783:INFO:  explainerdashboard: Not installed
2023-04-27 12:15:25,783:INFO:             autoviz: Not installed
2023-04-27 12:15:25,783:INFO:           fairlearn: Not installed
2023-04-27 12:15:25,783:INFO:             xgboost: Not installed
2023-04-27 12:15:25,783:INFO:            catboost: Not installed
2023-04-27 12:15:25,783:INFO:              kmodes: Not installed
2023-04-27 12:15:25,783:INFO:             mlxtend: Not installed
2023-04-27 12:15:25,783:INFO:       statsforecast: Not installed
2023-04-27 12:15:25,783:INFO:        tune_sklearn: Not installed
2023-04-27 12:15:25,783:INFO:                 ray: Not installed
2023-04-27 12:15:25,783:INFO:            hyperopt: Not installed
2023-04-27 12:15:25,783:INFO:              optuna: Not installed
2023-04-27 12:15:25,783:INFO:               skopt: Not installed
2023-04-27 12:15:25,783:INFO:              mlflow: Not installed
2023-04-27 12:15:25,783:INFO:              gradio: Not installed
2023-04-27 12:15:25,783:INFO:             fastapi: Not installed
2023-04-27 12:15:25,783:INFO:             uvicorn: Not installed
2023-04-27 12:15:25,783:INFO:              m2cgen: Not installed
2023-04-27 12:15:25,783:INFO:           evidently: Not installed
2023-04-27 12:15:25,783:INFO:               fugue: Not installed
2023-04-27 12:15:25,784:INFO:           streamlit: Not installed
2023-04-27 12:15:25,784:INFO:             prophet: Not installed
2023-04-27 12:15:25,784:INFO:None
2023-04-27 12:15:25,784:INFO:Set up data.
2023-04-27 12:15:25,789:INFO:Set up train/test split.
2023-04-27 12:15:25,789:INFO:Set up data.
2023-04-27 12:15:25,795:INFO:Set up index.
2023-04-27 12:15:25,795:INFO:Set up folding strategy.
2023-04-27 12:15:25,795:INFO:Assigning column types.
2023-04-27 12:15:25,799:INFO:Engine successfully changes for model 'lr' to 'sklearn'.
2023-04-27 12:15:25,799:INFO:Engine for model 'lasso' has not been set explicitly, hence returning None.
2023-04-27 12:15:25,806:INFO:Engine for model 'ridge' has not been set explicitly, hence returning None.
2023-04-27 12:15:25,812:INFO:Engine for model 'en' has not been set explicitly, hence returning None.
2023-04-27 12:15:25,894:INFO:Engine for model 'svm' has not been set explicitly, hence returning None.
2023-04-27 12:15:25,953:INFO:Engine for model 'knn' has not been set explicitly, hence returning None.
2023-04-27 12:15:25,953:WARNING:
'xgboost' is a soft dependency and not included in the pycaret installation. Please run: `pip install xgboost` to install.
Alternately, you can install this by running `pip install pycaret[models]`
2023-04-27 12:16:55,465:INFO:PyCaret RegressionExperiment
2023-04-27 12:16:55,465:INFO:Logging name: reg-default-name
2023-04-27 12:16:55,465:INFO:ML Usecase: MLUsecase.REGRESSION
2023-04-27 12:16:55,465:INFO:version 3.0.0
2023-04-27 12:16:55,465:INFO:Initializing setup()
2023-04-27 12:16:55,466:INFO:self.USI: 54e3
2023-04-27 12:16:55,466:INFO:self._variable_keys: {'gpu_param', 'idx', 'logging_param', 'y', 'X', 'exp_name_log', 'y_train', 'memory', 'html_param', 'fold_generator', '_available_plots', 'pipeline', 'log_plots_param', 'y_test', 'seed', 'X_train', 'transform_target_param', 'n_jobs_param', 'target_param', 'data', 'fold_groups_param', 'USI', 'fold_shuffle_param', '_ml_usecase', 'gpu_n_jobs_param', 'X_test', 'exp_id'}
2023-04-27 12:16:55,466:INFO:Checking environment
2023-04-27 12:16:55,466:INFO:python_version: 3.10.7
2023-04-27 12:16:55,466:INFO:python_build: ('v3.10.7:6cc6b13308', 'Sep  5 2022 14:02:52')
2023-04-27 12:16:55,466:INFO:machine: x86_64
2023-04-27 12:16:55,466:INFO:platform: macOS-12.5.1-x86_64-i386-64bit
2023-04-27 12:16:55,466:INFO:Memory: svmem(total=8589934592, available=1937920000, percent=77.4, used=4335009792, free=18571264, active=1924345856, inactive=1914019840, wired=2410663936)
2023-04-27 12:16:55,466:INFO:Physical Core: 2
2023-04-27 12:16:55,466:INFO:Logical Core: 2
2023-04-27 12:16:55,466:INFO:Checking libraries
2023-04-27 12:16:55,466:INFO:System:
2023-04-27 12:16:55,466:INFO:    python: 3.10.7 (v3.10.7:6cc6b13308, Sep  5 2022, 14:02:52) [Clang 13.0.0 (clang-1300.0.29.30)]
2023-04-27 12:16:55,466:INFO:executable: /usr/local/bin/python3
2023-04-27 12:16:55,466:INFO:   machine: macOS-12.5.1-x86_64-i386-64bit
2023-04-27 12:16:55,467:INFO:PyCaret required dependencies:
2023-04-27 12:16:55,467:INFO:                 pip: 22.3
2023-04-27 12:16:55,467:INFO:          setuptools: 63.2.0
2023-04-27 12:16:55,467:INFO:             pycaret: 3.0.0
2023-04-27 12:16:55,467:INFO:             IPython: 8.9.0
2023-04-27 12:16:55,467:INFO:          ipywidgets: 8.0.6
2023-04-27 12:16:55,467:INFO:                tqdm: 4.65.0
2023-04-27 12:16:55,467:INFO:               numpy: 1.23.3
2023-04-27 12:16:55,467:INFO:              pandas: 1.4.4
2023-04-27 12:16:55,467:INFO:              jinja2: 3.1.2
2023-04-27 12:16:55,467:INFO:               scipy: 1.9.1
2023-04-27 12:16:55,467:INFO:              joblib: 1.2.0
2023-04-27 12:16:55,467:INFO:             sklearn: 1.1.2
2023-04-27 12:16:55,467:INFO:                pyod: 1.0.9
2023-04-27 12:16:55,467:INFO:            imblearn: 0.10.1
2023-04-27 12:16:55,467:INFO:   category_encoders: 2.6.0
2023-04-27 12:16:55,467:INFO:            lightgbm: 3.3.5
2023-04-27 12:16:55,467:INFO:               numba: 0.56.4
2023-04-27 12:16:55,467:INFO:            requests: 2.28.1
2023-04-27 12:16:55,467:INFO:          matplotlib: 3.6.0
2023-04-27 12:16:55,467:INFO:          scikitplot: 0.3.7
2023-04-27 12:16:55,467:INFO:         yellowbrick: 1.5
2023-04-27 12:16:55,467:INFO:              plotly: 5.14.1
2023-04-27 12:16:55,467:INFO:             kaleido: 0.2.1
2023-04-27 12:16:55,468:INFO:         statsmodels: 0.13.5
2023-04-27 12:16:55,468:INFO:              sktime: 0.17.2
2023-04-27 12:16:55,468:INFO:               tbats: 1.1.3
2023-04-27 12:16:55,468:INFO:            pmdarima: 2.0.3
2023-04-27 12:16:55,468:INFO:              psutil: 5.9.5
2023-04-27 12:16:55,468:INFO:PyCaret optional dependencies:
2023-04-27 12:16:55,468:INFO:                shap: Not installed
2023-04-27 12:16:55,468:INFO:           interpret: Not installed
2023-04-27 12:16:55,468:INFO:                umap: Not installed
2023-04-27 12:16:55,468:INFO:    pandas_profiling: Not installed
2023-04-27 12:16:55,468:INFO:  explainerdashboard: Not installed
2023-04-27 12:16:55,468:INFO:             autoviz: Not installed
2023-04-27 12:16:55,468:INFO:           fairlearn: Not installed
2023-04-27 12:16:55,468:INFO:             xgboost: Not installed
2023-04-27 12:16:55,468:INFO:            catboost: Not installed
2023-04-27 12:16:55,468:INFO:              kmodes: Not installed
2023-04-27 12:16:55,468:INFO:             mlxtend: Not installed
2023-04-27 12:16:55,468:INFO:       statsforecast: Not installed
2023-04-27 12:16:55,468:INFO:        tune_sklearn: Not installed
2023-04-27 12:16:55,468:INFO:                 ray: Not installed
2023-04-27 12:16:55,468:INFO:            hyperopt: Not installed
2023-04-27 12:16:55,468:INFO:              optuna: Not installed
2023-04-27 12:16:55,468:INFO:               skopt: Not installed
2023-04-27 12:16:55,469:INFO:              mlflow: Not installed
2023-04-27 12:16:55,469:INFO:              gradio: Not installed
2023-04-27 12:16:55,469:INFO:             fastapi: Not installed
2023-04-27 12:16:55,469:INFO:             uvicorn: Not installed
2023-04-27 12:16:55,469:INFO:              m2cgen: Not installed
2023-04-27 12:16:55,469:INFO:           evidently: Not installed
2023-04-27 12:16:55,469:INFO:               fugue: Not installed
2023-04-27 12:16:55,469:INFO:           streamlit: Not installed
2023-04-27 12:16:55,469:INFO:             prophet: Not installed
2023-04-27 12:16:55,469:INFO:None
2023-04-27 12:16:55,469:INFO:Set up data.
2023-04-27 12:16:55,476:INFO:Set up train/test split.
2023-04-27 12:16:55,477:INFO:Set up data.
2023-04-27 12:16:55,483:INFO:Set up index.
2023-04-27 12:16:55,483:INFO:Set up folding strategy.
2023-04-27 12:16:55,483:INFO:Assigning column types.
2023-04-27 12:16:55,487:INFO:Engine successfully changes for model 'lr' to 'sklearn'.
2023-04-27 12:16:55,487:INFO:Engine for model 'lasso' has not been set explicitly, hence returning None.
2023-04-27 12:16:55,493:INFO:Engine for model 'ridge' has not been set explicitly, hence returning None.
2023-04-27 12:16:55,500:INFO:Engine for model 'en' has not been set explicitly, hence returning None.
2023-04-27 12:16:55,605:INFO:Engine for model 'svm' has not been set explicitly, hence returning None.
2023-04-27 12:16:55,678:INFO:Engine for model 'knn' has not been set explicitly, hence returning None.
2023-04-27 12:16:55,678:WARNING:
'xgboost' is a soft dependency and not included in the pycaret installation. Please run: `pip install xgboost` to install.
Alternately, you can install this by running `pip install pycaret[models]`
2023-04-27 12:17:41,493:WARNING:<stdin>:1: SettingWithCopyWarning:


A value is trying to be set on a copy of a slice from a DataFrame.
Try using .loc[row_indexer,col_indexer] = value instead

See the caveats in the documentation: https://pandas.pydata.org/pandas-docs/stable/user_guide/indexing.html#returning-a-view-versus-a-copy


2023-04-27 12:18:28,946:INFO:PyCaret RegressionExperiment
2023-04-27 12:18:28,947:INFO:Logging name: reg-default-name
2023-04-27 12:18:28,947:INFO:ML Usecase: MLUsecase.REGRESSION
2023-04-27 12:18:28,947:INFO:version 3.0.0
2023-04-27 12:18:28,947:INFO:Initializing setup()
2023-04-27 12:18:28,947:INFO:self.USI: e9e2
2023-04-27 12:18:28,947:INFO:self._variable_keys: {'gpu_param', 'idx', 'logging_param', 'y', 'X', 'exp_name_log', 'y_train', 'memory', 'html_param', 'fold_generator', '_available_plots', 'pipeline', 'log_plots_param', 'y_test', 'seed', 'X_train', 'transform_target_param', 'n_jobs_param', 'target_param', 'data', 'fold_groups_param', 'USI', 'fold_shuffle_param', '_ml_usecase', 'gpu_n_jobs_param', 'X_test', 'exp_id'}
2023-04-27 12:18:28,948:INFO:Checking environment
2023-04-27 12:18:28,948:INFO:python_version: 3.10.7
2023-04-27 12:18:28,948:INFO:python_build: ('v3.10.7:6cc6b13308', 'Sep  5 2022 14:02:52')
2023-04-27 12:18:28,949:INFO:machine: x86_64
2023-04-27 12:18:28,949:INFO:platform: macOS-12.5.1-x86_64-i386-64bit
2023-04-27 12:18:28,949:INFO:Memory: svmem(total=8589934592, available=1732390912, percent=79.8, used=4194050048, free=19693568, active=1711439872, inactive=1706684416, wired=2482610176)
2023-04-27 12:18:28,949:INFO:Physical Core: 2
2023-04-27 12:18:28,949:INFO:Logical Core: 2
2023-04-27 12:18:28,950:INFO:Checking libraries
2023-04-27 12:18:28,950:INFO:System:
2023-04-27 12:18:28,950:INFO:    python: 3.10.7 (v3.10.7:6cc6b13308, Sep  5 2022, 14:02:52) [Clang 13.0.0 (clang-1300.0.29.30)]
2023-04-27 12:18:28,950:INFO:executable: /usr/local/bin/python3
2023-04-27 12:18:28,950:INFO:   machine: macOS-12.5.1-x86_64-i386-64bit
2023-04-27 12:18:28,950:INFO:PyCaret required dependencies:
2023-04-27 12:18:28,950:INFO:                 pip: 22.3
2023-04-27 12:18:28,950:INFO:          setuptools: 63.2.0
2023-04-27 12:18:28,950:INFO:             pycaret: 3.0.0
2023-04-27 12:18:28,950:INFO:             IPython: 8.9.0
2023-04-27 12:18:28,950:INFO:          ipywidgets: 8.0.6
2023-04-27 12:18:28,951:INFO:                tqdm: 4.65.0
2023-04-27 12:18:28,951:INFO:               numpy: 1.23.3
2023-04-27 12:18:28,952:INFO:              pandas: 1.4.4
2023-04-27 12:18:28,952:INFO:              jinja2: 3.1.2
2023-04-27 12:18:28,952:INFO:               scipy: 1.9.1
2023-04-27 12:18:28,952:INFO:              joblib: 1.2.0
2023-04-27 12:18:28,952:INFO:             sklearn: 1.1.2
2023-04-27 12:18:28,952:INFO:                pyod: 1.0.9
2023-04-27 12:18:28,952:INFO:            imblearn: 0.10.1
2023-04-27 12:18:28,952:INFO:   category_encoders: 2.6.0
2023-04-27 12:18:28,952:INFO:            lightgbm: 3.3.5
2023-04-27 12:18:28,952:INFO:               numba: 0.56.4
2023-04-27 12:18:28,952:INFO:            requests: 2.28.1
2023-04-27 12:18:28,952:INFO:          matplotlib: 3.6.0
2023-04-27 12:18:28,952:INFO:          scikitplot: 0.3.7
2023-04-27 12:18:28,952:INFO:         yellowbrick: 1.5
2023-04-27 12:18:28,952:INFO:              plotly: 5.14.1
2023-04-27 12:18:28,952:INFO:             kaleido: 0.2.1
2023-04-27 12:18:28,952:INFO:         statsmodels: 0.13.5
2023-04-27 12:18:28,952:INFO:              sktime: 0.17.2
2023-04-27 12:18:28,952:INFO:               tbats: 1.1.3
2023-04-27 12:18:28,952:INFO:            pmdarima: 2.0.3
2023-04-27 12:18:28,953:INFO:              psutil: 5.9.5
2023-04-27 12:18:28,953:INFO:PyCaret optional dependencies:
2023-04-27 12:18:28,953:INFO:                shap: Not installed
2023-04-27 12:18:28,953:INFO:           interpret: Not installed
2023-04-27 12:18:28,953:INFO:                umap: Not installed
2023-04-27 12:18:28,953:INFO:    pandas_profiling: Not installed
2023-04-27 12:18:28,953:INFO:  explainerdashboard: Not installed
2023-04-27 12:18:28,953:INFO:             autoviz: Not installed
2023-04-27 12:18:28,953:INFO:           fairlearn: Not installed
2023-04-27 12:18:28,953:INFO:             xgboost: Not installed
2023-04-27 12:18:28,953:INFO:            catboost: Not installed
2023-04-27 12:18:28,953:INFO:              kmodes: Not installed
2023-04-27 12:18:28,953:INFO:             mlxtend: Not installed
2023-04-27 12:18:28,953:INFO:       statsforecast: Not installed
2023-04-27 12:18:28,953:INFO:        tune_sklearn: Not installed
2023-04-27 12:18:28,953:INFO:                 ray: Not installed
2023-04-27 12:18:28,953:INFO:            hyperopt: Not installed
2023-04-27 12:18:28,953:INFO:              optuna: Not installed
2023-04-27 12:18:28,953:INFO:               skopt: Not installed
2023-04-27 12:18:28,953:INFO:              mlflow: Not installed
2023-04-27 12:18:28,953:INFO:              gradio: Not installed
2023-04-27 12:18:28,953:INFO:             fastapi: Not installed
2023-04-27 12:18:28,953:INFO:             uvicorn: Not installed
2023-04-27 12:18:28,954:INFO:              m2cgen: Not installed
2023-04-27 12:18:28,954:INFO:           evidently: Not installed
2023-04-27 12:18:28,954:INFO:               fugue: Not installed
2023-04-27 12:18:28,954:INFO:           streamlit: Not installed
2023-04-27 12:18:28,954:INFO:             prophet: Not installed
2023-04-27 12:18:28,954:INFO:None
2023-04-27 12:18:28,954:INFO:Set up data.
2023-04-27 12:18:28,960:INFO:Set up train/test split.
2023-04-27 12:18:28,960:INFO:Set up data.
2023-04-27 12:18:28,965:INFO:Set up index.
2023-04-27 12:18:28,965:INFO:Set up folding strategy.
2023-04-27 12:18:28,966:INFO:Assigning column types.
2023-04-27 12:18:28,970:INFO:Engine successfully changes for model 'lr' to 'sklearn'.
2023-04-27 12:18:28,971:INFO:Engine for model 'lasso' has not been set explicitly, hence returning None.
2023-04-27 12:18:28,976:INFO:Engine for model 'ridge' has not been set explicitly, hence returning None.
2023-04-27 12:18:28,983:INFO:Engine for model 'en' has not been set explicitly, hence returning None.
2023-04-27 12:18:29,059:INFO:Engine for model 'svm' has not been set explicitly, hence returning None.
2023-04-27 12:18:29,136:INFO:Engine for model 'knn' has not been set explicitly, hence returning None.
2023-04-27 12:18:29,137:WARNING:
'xgboost' is a soft dependency and not included in the pycaret installation. Please run: `pip install xgboost` to install.
Alternately, you can install this by running `pip install pycaret[models]`
2023-04-28 09:55:26,219:WARNING:<stdin>:1: SettingWithCopyWarning:


A value is trying to be set on a copy of a slice from a DataFrame.
Try using .loc[row_indexer,col_indexer] = value instead

See the caveats in the documentation: https://pandas.pydata.org/pandas-docs/stable/user_guide/indexing.html#returning-a-view-versus-a-copy


2023-04-28 09:55:45,083:WARNING:<stdin>:2: MatplotlibDeprecationWarning:

The resize_event function was deprecated in Matplotlib 3.6 and will be removed two minor releases later. Use callbacks.process('resize_event', ResizeEvent(...)) instead.


2023-04-28 09:56:16,710:WARNING:<stdin>:1: MatplotlibDeprecationWarning:

The resize_event function was deprecated in Matplotlib 3.6 and will be removed two minor releases later. Use callbacks.process('resize_event', ResizeEvent(...)) instead.


2023-04-28 10:18:19,766:WARNING:<stdin>:5: MatplotlibDeprecationWarning:

The resize_event function was deprecated in Matplotlib 3.6 and will be removed two minor releases later. Use callbacks.process('resize_event', ResizeEvent(...)) instead.


2023-04-28 10:23:51,766:WARNING:<stdin>:1: SettingWithCopyWarning:


A value is trying to be set on a copy of a slice from a DataFrame.
Try using .loc[row_indexer,col_indexer] = value instead

See the caveats in the documentation: https://pandas.pydata.org/pandas-docs/stable/user_guide/indexing.html#returning-a-view-versus-a-copy


2023-04-28 10:25:18,438:WARNING:<stdin>:1: SettingWithCopyWarning:


A value is trying to be set on a copy of a slice from a DataFrame.
Try using .loc[row_indexer,col_indexer] = value instead

See the caveats in the documentation: https://pandas.pydata.org/pandas-docs/stable/user_guide/indexing.html#returning-a-view-versus-a-copy


2023-04-28 10:26:31,230:WARNING:<stdin>:1: SettingWithCopyWarning:


A value is trying to be set on a copy of a slice from a DataFrame.
Try using .loc[row_indexer,col_indexer] = value instead

See the caveats in the documentation: https://pandas.pydata.org/pandas-docs/stable/user_guide/indexing.html#returning-a-view-versus-a-copy


2023-04-28 10:26:39,884:WARNING:<stdin>:1: SettingWithCopyWarning:


A value is trying to be set on a copy of a slice from a DataFrame.
Try using .loc[row_indexer,col_indexer] = value instead

See the caveats in the documentation: https://pandas.pydata.org/pandas-docs/stable/user_guide/indexing.html#returning-a-view-versus-a-copy


2023-04-28 10:26:56,614:WARNING:<stdin>:1: SettingWithCopyWarning:


A value is trying to be set on a copy of a slice from a DataFrame.
Try using .loc[row_indexer,col_indexer] = value instead

See the caveats in the documentation: https://pandas.pydata.org/pandas-docs/stable/user_guide/indexing.html#returning-a-view-versus-a-copy


2023-04-28 10:26:57,769:WARNING:<stdin>:1: SettingWithCopyWarning:


A value is trying to be set on a copy of a slice from a DataFrame.
Try using .loc[row_indexer,col_indexer] = value instead

See the caveats in the documentation: https://pandas.pydata.org/pandas-docs/stable/user_guide/indexing.html#returning-a-view-versus-a-copy


2023-04-28 10:26:59,413:WARNING:<stdin>:1: SettingWithCopyWarning:


A value is trying to be set on a copy of a slice from a DataFrame.
Try using .loc[row_indexer,col_indexer] = value instead

See the caveats in the documentation: https://pandas.pydata.org/pandas-docs/stable/user_guide/indexing.html#returning-a-view-versus-a-copy


2023-04-28 10:27:04,043:WARNING:<stdin>:1: SettingWithCopyWarning:


A value is trying to be set on a copy of a slice from a DataFrame

See the caveats in the documentation: https://pandas.pydata.org/pandas-docs/stable/user_guide/indexing.html#returning-a-view-versus-a-copy


2023-04-28 10:27:22,340:INFO:PyCaret RegressionExperiment
2023-04-28 10:27:22,340:INFO:Logging name: reg-default-name
2023-04-28 10:27:22,340:INFO:ML Usecase: MLUsecase.REGRESSION
2023-04-28 10:27:22,340:INFO:version 3.0.0
2023-04-28 10:27:22,340:INFO:Initializing setup()
2023-04-28 10:27:22,340:INFO:self.USI: 1640
2023-04-28 10:27:22,340:INFO:self._variable_keys: {'gpu_param', 'idx', 'logging_param', 'y', 'X', 'exp_name_log', 'y_train', 'memory', 'html_param', 'fold_generator', '_available_plots', 'pipeline', 'log_plots_param', 'y_test', 'seed', 'X_train', 'transform_target_param', 'n_jobs_param', 'target_param', 'data', 'fold_groups_param', 'USI', 'fold_shuffle_param', '_ml_usecase', 'gpu_n_jobs_param', 'X_test', 'exp_id'}
2023-04-28 10:27:22,340:INFO:Checking environment
2023-04-28 10:27:22,341:INFO:python_version: 3.10.7
2023-04-28 10:27:22,341:INFO:python_build: ('v3.10.7:6cc6b13308', 'Sep  5 2022 14:02:52')
2023-04-28 10:27:22,341:INFO:machine: x86_64
2023-04-28 10:27:22,341:INFO:platform: macOS-12.5.1-x86_64-i386-64bit
2023-04-28 10:27:22,341:INFO:Memory: svmem(total=8589934592, available=2290348032, percent=73.3, used=4648898560, free=42426368, active=2248187904, inactive=2247565312, wired=2400710656)
2023-04-28 10:27:22,341:INFO:Physical Core: 2
2023-04-28 10:27:22,341:INFO:Logical Core: 2
2023-04-28 10:27:22,341:INFO:Checking libraries
2023-04-28 10:27:22,341:INFO:System:
2023-04-28 10:27:22,341:INFO:    python: 3.10.7 (v3.10.7:6cc6b13308, Sep  5 2022, 14:02:52) [Clang 13.0.0 (clang-1300.0.29.30)]
2023-04-28 10:27:22,341:INFO:executable: /usr/local/bin/python3
2023-04-28 10:27:22,341:INFO:   machine: macOS-12.5.1-x86_64-i386-64bit
2023-04-28 10:27:22,341:INFO:PyCaret required dependencies:
2023-04-28 10:27:22,342:INFO:                 pip: 22.3
2023-04-28 10:27:22,342:INFO:          setuptools: 63.2.0
2023-04-28 10:27:22,342:INFO:             pycaret: 3.0.0
2023-04-28 10:27:22,342:INFO:             IPython: 8.9.0
2023-04-28 10:27:22,342:INFO:          ipywidgets: 8.0.6
2023-04-28 10:27:22,342:INFO:                tqdm: 4.65.0
2023-04-28 10:27:22,342:INFO:               numpy: 1.23.3
2023-04-28 10:27:22,342:INFO:              pandas: 1.4.4
2023-04-28 10:27:22,342:INFO:              jinja2: 3.1.2
2023-04-28 10:27:22,342:INFO:               scipy: 1.9.1
2023-04-28 10:27:22,342:INFO:              joblib: 1.2.0
2023-04-28 10:27:22,342:INFO:             sklearn: 1.1.2
2023-04-28 10:27:22,342:INFO:                pyod: 1.0.9
2023-04-28 10:27:22,342:INFO:            imblearn: 0.10.1
2023-04-28 10:27:22,342:INFO:   category_encoders: 2.6.0
2023-04-28 10:27:22,342:INFO:            lightgbm: 3.3.5
2023-04-28 10:27:22,342:INFO:               numba: 0.56.4
2023-04-28 10:27:22,342:INFO:            requests: 2.28.1
2023-04-28 10:27:22,342:INFO:          matplotlib: 3.6.0
2023-04-28 10:27:22,342:INFO:          scikitplot: 0.3.7
2023-04-28 10:27:22,342:INFO:         yellowbrick: 1.5
2023-04-28 10:27:22,342:INFO:              plotly: 5.14.1
2023-04-28 10:27:22,342:INFO:             kaleido: 0.2.1
2023-04-28 10:27:22,343:INFO:         statsmodels: 0.13.5
2023-04-28 10:27:22,343:INFO:              sktime: 0.17.2
2023-04-28 10:27:22,343:INFO:               tbats: 1.1.3
2023-04-28 10:27:22,343:INFO:            pmdarima: 2.0.3
2023-04-28 10:27:22,343:INFO:              psutil: 5.9.5
2023-04-28 10:27:22,343:INFO:PyCaret optional dependencies:
2023-04-28 10:27:22,343:INFO:                shap: Not installed
2023-04-28 10:27:22,343:INFO:           interpret: Not installed
2023-04-28 10:27:22,343:INFO:                umap: Not installed
2023-04-28 10:27:22,343:INFO:    pandas_profiling: Not installed
2023-04-28 10:27:22,343:INFO:  explainerdashboard: Not installed
2023-04-28 10:27:22,343:INFO:             autoviz: Not installed
2023-04-28 10:27:22,343:INFO:           fairlearn: Not installed
2023-04-28 10:27:22,343:INFO:             xgboost: Not installed
2023-04-28 10:27:22,343:INFO:            catboost: Not installed
2023-04-28 10:27:22,343:INFO:              kmodes: Not installed
2023-04-28 10:27:22,343:INFO:             mlxtend: Not installed
2023-04-28 10:27:22,343:INFO:       statsforecast: Not installed
2023-04-28 10:27:22,343:INFO:        tune_sklearn: Not installed
2023-04-28 10:27:22,344:INFO:                 ray: Not installed
2023-04-28 10:27:22,344:INFO:            hyperopt: Not installed
2023-04-28 10:27:22,344:INFO:              optuna: Not installed
2023-04-28 10:27:22,344:INFO:               skopt: Not installed
2023-04-28 10:27:22,344:INFO:              mlflow: Not installed
2023-04-28 10:27:22,344:INFO:              gradio: Not installed
2023-04-28 10:27:22,344:INFO:             fastapi: Not installed
2023-04-28 10:27:22,344:INFO:             uvicorn: Not installed
2023-04-28 10:27:22,344:INFO:              m2cgen: Not installed
2023-04-28 10:27:22,344:INFO:           evidently: Not installed
2023-04-28 10:27:22,344:INFO:               fugue: Not installed
2023-04-28 10:27:22,344:INFO:           streamlit: Not installed
2023-04-28 10:27:22,344:INFO:             prophet: Not installed
2023-04-28 10:27:22,344:INFO:None
2023-04-28 10:27:22,344:INFO:Set up data.
2023-04-28 10:27:22,353:INFO:Set up train/test split.
2023-04-28 10:27:22,353:INFO:Set up data.
2023-04-28 10:27:22,358:INFO:Set up index.
2023-04-28 10:27:22,358:INFO:Set up folding strategy.
2023-04-28 10:27:22,359:INFO:Assigning column types.
2023-04-28 10:27:22,365:INFO:Engine successfully changes for model 'lr' to 'sklearn'.
2023-04-28 10:27:22,366:INFO:Engine for model 'lasso' has not been set explicitly, hence returning None.
2023-04-28 10:27:22,372:INFO:Engine for model 'ridge' has not been set explicitly, hence returning None.
2023-04-28 10:27:22,378:INFO:Engine for model 'en' has not been set explicitly, hence returning None.
2023-04-28 10:27:22,469:INFO:Engine for model 'svm' has not been set explicitly, hence returning None.
2023-04-28 10:27:22,559:INFO:Engine for model 'knn' has not been set explicitly, hence returning None.
2023-04-28 10:27:22,560:WARNING:
'xgboost' is a soft dependency and not included in the pycaret installation. Please run: `pip install xgboost` to install.
Alternately, you can install this by running `pip install pycaret[models]`
2023-04-28 10:28:03,964:WARNING:<stdin>:1: SettingWithCopyWarning:


A value is trying to be set on a copy of a slice from a DataFrame.
Try using .loc[row_indexer,col_indexer] = value instead

See the caveats in the documentation: https://pandas.pydata.org/pandas-docs/stable/user_guide/indexing.html#returning-a-view-versus-a-copy


2023-04-28 10:28:12,329:WARNING:<stdin>:1: SettingWithCopyWarning:


A value is trying to be set on a copy of a slice from a DataFrame.
Try using .loc[row_indexer,col_indexer] = value instead

See the caveats in the documentation: https://pandas.pydata.org/pandas-docs/stable/user_guide/indexing.html#returning-a-view-versus-a-copy


2023-04-28 10:28:36,118:WARNING:<stdin>:1: SettingWithCopyWarning:


A value is trying to be set on a copy of a slice from a DataFrame.
Try using .loc[row_indexer,col_indexer] = value instead

See the caveats in the documentation: https://pandas.pydata.org/pandas-docs/stable/user_guide/indexing.html#returning-a-view-versus-a-copy


2023-04-28 10:28:37,002:WARNING:<stdin>:1: SettingWithCopyWarning:


A value is trying to be set on a copy of a slice from a DataFrame.
Try using .loc[row_indexer,col_indexer] = value instead

See the caveats in the documentation: https://pandas.pydata.org/pandas-docs/stable/user_guide/indexing.html#returning-a-view-versus-a-copy


2023-04-28 10:28:39,169:WARNING:<stdin>:1: SettingWithCopyWarning:


A value is trying to be set on a copy of a slice from a DataFrame.
Try using .loc[row_indexer,col_indexer] = value instead

See the caveats in the documentation: https://pandas.pydata.org/pandas-docs/stable/user_guide/indexing.html#returning-a-view-versus-a-copy


2023-04-28 10:29:04,370:WARNING:<stdin>:1: SettingWithCopyWarning:


A value is trying to be set on a copy of a slice from a DataFrame

See the caveats in the documentation: https://pandas.pydata.org/pandas-docs/stable/user_guide/indexing.html#returning-a-view-versus-a-copy


2023-04-28 10:30:51,453:INFO:PyCaret RegressionExperiment
2023-04-28 10:30:51,453:INFO:Logging name: reg-default-name
2023-04-28 10:30:51,453:INFO:ML Usecase: MLUsecase.REGRESSION
2023-04-28 10:30:51,453:INFO:version 3.0.0
2023-04-28 10:30:51,453:INFO:Initializing setup()
2023-04-28 10:30:51,454:INFO:self.USI: a960
2023-04-28 10:30:51,454:INFO:self._variable_keys: {'gpu_param', 'idx', 'logging_param', 'y', 'X', 'exp_name_log', 'y_train', 'memory', 'html_param', 'fold_generator', '_available_plots', 'pipeline', 'log_plots_param', 'y_test', 'seed', 'X_train', 'transform_target_param', 'n_jobs_param', 'target_param', 'data', 'fold_groups_param', 'USI', 'fold_shuffle_param', '_ml_usecase', 'gpu_n_jobs_param', 'X_test', 'exp_id'}
2023-04-28 10:30:51,454:INFO:Checking environment
2023-04-28 10:30:51,454:INFO:python_version: 3.10.7
2023-04-28 10:30:51,454:INFO:python_build: ('v3.10.7:6cc6b13308', 'Sep  5 2022 14:02:52')
2023-04-28 10:30:51,454:INFO:machine: x86_64
2023-04-28 10:30:51,454:INFO:platform: macOS-12.5.1-x86_64-i386-64bit
2023-04-28 10:30:51,454:INFO:Memory: svmem(total=8589934592, available=2243489792, percent=73.9, used=4571103232, free=73678848, active=2171162624, inactive=2168217600, wired=2399940608)
2023-04-28 10:30:51,454:INFO:Physical Core: 2
2023-04-28 10:30:51,454:INFO:Logical Core: 2
2023-04-28 10:30:51,454:INFO:Checking libraries
2023-04-28 10:30:51,454:INFO:System:
2023-04-28 10:30:51,454:INFO:    python: 3.10.7 (v3.10.7:6cc6b13308, Sep  5 2022, 14:02:52) [Clang 13.0.0 (clang-1300.0.29.30)]
2023-04-28 10:30:51,454:INFO:executable: /usr/local/bin/python3
2023-04-28 10:30:51,454:INFO:   machine: macOS-12.5.1-x86_64-i386-64bit
2023-04-28 10:30:51,455:INFO:PyCaret required dependencies:
2023-04-28 10:30:51,455:INFO:                 pip: 22.3
2023-04-28 10:30:51,455:INFO:          setuptools: 63.2.0
2023-04-28 10:30:51,455:INFO:             pycaret: 3.0.0
2023-04-28 10:30:51,455:INFO:             IPython: 8.9.0
2023-04-28 10:30:51,455:INFO:          ipywidgets: 8.0.6
2023-04-28 10:30:51,455:INFO:                tqdm: 4.65.0
2023-04-28 10:30:51,455:INFO:               numpy: 1.23.3
2023-04-28 10:30:51,455:INFO:              pandas: 1.4.4
2023-04-28 10:30:51,455:INFO:              jinja2: 3.1.2
2023-04-28 10:30:51,455:INFO:               scipy: 1.9.1
2023-04-28 10:30:51,455:INFO:              joblib: 1.2.0
2023-04-28 10:30:51,455:INFO:             sklearn: 1.1.2
2023-04-28 10:30:51,455:INFO:                pyod: 1.0.9
2023-04-28 10:30:51,455:INFO:            imblearn: 0.10.1
2023-04-28 10:30:51,455:INFO:   category_encoders: 2.6.0
2023-04-28 10:30:51,455:INFO:            lightgbm: 3.3.5
2023-04-28 10:30:51,455:INFO:               numba: 0.56.4
2023-04-28 10:30:51,455:INFO:            requests: 2.28.1
2023-04-28 10:30:51,455:INFO:          matplotlib: 3.6.0
2023-04-28 10:30:51,455:INFO:          scikitplot: 0.3.7
2023-04-28 10:30:51,455:INFO:         yellowbrick: 1.5
2023-04-28 10:30:51,455:INFO:              plotly: 5.14.1
2023-04-28 10:30:51,456:INFO:             kaleido: 0.2.1
2023-04-28 10:30:51,456:INFO:         statsmodels: 0.13.5
2023-04-28 10:30:51,456:INFO:              sktime: 0.17.2
2023-04-28 10:30:51,456:INFO:               tbats: 1.1.3
2023-04-28 10:30:51,456:INFO:            pmdarima: 2.0.3
2023-04-28 10:30:51,456:INFO:              psutil: 5.9.5
2023-04-28 10:30:51,456:INFO:PyCaret optional dependencies:
2023-04-28 10:30:51,456:INFO:                shap: Not installed
2023-04-28 10:30:51,456:INFO:           interpret: Not installed
2023-04-28 10:30:51,456:INFO:                umap: Not installed
2023-04-28 10:30:51,456:INFO:    pandas_profiling: Not installed
2023-04-28 10:30:51,456:INFO:  explainerdashboard: Not installed
2023-04-28 10:30:51,456:INFO:             autoviz: Not installed
2023-04-28 10:30:51,456:INFO:           fairlearn: Not installed
2023-04-28 10:30:51,456:INFO:             xgboost: Not installed
2023-04-28 10:30:51,456:INFO:            catboost: Not installed
2023-04-28 10:30:51,456:INFO:              kmodes: Not installed
2023-04-28 10:30:51,456:INFO:             mlxtend: Not installed
2023-04-28 10:30:51,456:INFO:       statsforecast: Not installed
2023-04-28 10:30:51,456:INFO:        tune_sklearn: Not installed
2023-04-28 10:30:51,456:INFO:                 ray: Not installed
2023-04-28 10:30:51,456:INFO:            hyperopt: Not installed
2023-04-28 10:30:51,456:INFO:              optuna: Not installed
2023-04-28 10:30:51,457:INFO:               skopt: Not installed
2023-04-28 10:30:51,457:INFO:              mlflow: Not installed
2023-04-28 10:30:51,457:INFO:              gradio: Not installed
2023-04-28 10:30:51,457:INFO:             fastapi: Not installed
2023-04-28 10:30:51,457:INFO:             uvicorn: Not installed
2023-04-28 10:30:51,457:INFO:              m2cgen: Not installed
2023-04-28 10:30:51,457:INFO:           evidently: Not installed
2023-04-28 10:30:51,457:INFO:               fugue: Not installed
2023-04-28 10:30:51,457:INFO:           streamlit: Not installed
2023-04-28 10:30:51,457:INFO:             prophet: Not installed
2023-04-28 10:30:51,457:INFO:None
2023-04-28 10:30:51,457:INFO:Set up data.
2023-04-28 10:30:51,463:INFO:Set up train/test split.
2023-04-28 10:30:51,463:INFO:Set up data.
2023-04-28 10:30:51,469:INFO:Set up index.
2023-04-28 10:30:51,469:INFO:Set up folding strategy.
2023-04-28 10:30:51,469:INFO:Assigning column types.
2023-04-28 10:30:51,475:INFO:Engine successfully changes for model 'lr' to 'sklearn'.
2023-04-28 10:30:51,475:INFO:Engine for model 'lasso' has not been set explicitly, hence returning None.
2023-04-28 10:30:51,482:INFO:Engine for model 'ridge' has not been set explicitly, hence returning None.
2023-04-28 10:30:51,487:INFO:Engine for model 'en' has not been set explicitly, hence returning None.
2023-04-28 10:30:51,574:INFO:Engine for model 'svm' has not been set explicitly, hence returning None.
2023-04-28 10:30:51,631:INFO:Engine for model 'knn' has not been set explicitly, hence returning None.
2023-04-28 10:30:51,631:WARNING:
'xgboost' is a soft dependency and not included in the pycaret installation. Please run: `pip install xgboost` to install.
Alternately, you can install this by running `pip install pycaret[models]`
2023-04-28 10:31:46,709:INFO:PyCaret RegressionExperiment
2023-04-28 10:31:46,710:INFO:Logging name: reg-default-name
2023-04-28 10:31:46,711:INFO:ML Usecase: MLUsecase.REGRESSION
2023-04-28 10:31:46,711:INFO:version 3.0.0
2023-04-28 10:31:46,711:INFO:Initializing setup()
2023-04-28 10:31:46,711:INFO:self.USI: e7b9
2023-04-28 10:31:46,711:INFO:self._variable_keys: {'gpu_param', 'idx', 'logging_param', 'y', 'X', 'exp_name_log', 'y_train', 'memory', 'html_param', 'fold_generator', '_available_plots', 'pipeline', 'log_plots_param', 'y_test', 'seed', 'X_train', 'transform_target_param', 'n_jobs_param', 'target_param', 'data', 'fold_groups_param', 'USI', 'fold_shuffle_param', '_ml_usecase', 'gpu_n_jobs_param', 'X_test', 'exp_id'}
2023-04-28 10:31:46,711:INFO:Checking environment
2023-04-28 10:31:46,711:INFO:python_version: 3.10.7
2023-04-28 10:31:46,711:INFO:python_build: ('v3.10.7:6cc6b13308', 'Sep  5 2022 14:02:52')
2023-04-28 10:31:46,711:INFO:machine: x86_64
2023-04-28 10:31:46,711:INFO:platform: macOS-12.5.1-x86_64-i386-64bit
2023-04-28 10:31:46,711:INFO:Memory: svmem(total=8589934592, available=2212007936, percent=74.2, used=4606930944, free=27451392, active=2184491008, inactive=2182668288, wired=2422439936)
2023-04-28 10:31:46,711:INFO:Physical Core: 2
2023-04-28 10:31:46,711:INFO:Logical Core: 2
2023-04-28 10:31:46,711:INFO:Checking libraries
2023-04-28 10:31:46,711:INFO:System:
2023-04-28 10:31:46,711:INFO:    python: 3.10.7 (v3.10.7:6cc6b13308, Sep  5 2022, 14:02:52) [Clang 13.0.0 (clang-1300.0.29.30)]
2023-04-28 10:31:46,711:INFO:executable: /usr/local/bin/python3
2023-04-28 10:31:46,711:INFO:   machine: macOS-12.5.1-x86_64-i386-64bit
2023-04-28 10:31:46,711:INFO:PyCaret required dependencies:
2023-04-28 10:31:46,712:INFO:                 pip: 22.3
2023-04-28 10:31:46,712:INFO:          setuptools: 63.2.0
2023-04-28 10:31:46,712:INFO:             pycaret: 3.0.0
2023-04-28 10:31:46,712:INFO:             IPython: 8.9.0
2023-04-28 10:31:46,712:INFO:          ipywidgets: 8.0.6
2023-04-28 10:31:46,712:INFO:                tqdm: 4.65.0
2023-04-28 10:31:46,712:INFO:               numpy: 1.23.3
2023-04-28 10:31:46,712:INFO:              pandas: 1.4.4
2023-04-28 10:31:46,712:INFO:              jinja2: 3.1.2
2023-04-28 10:31:46,712:INFO:               scipy: 1.9.1
2023-04-28 10:31:46,712:INFO:              joblib: 1.2.0
2023-04-28 10:31:46,712:INFO:             sklearn: 1.1.2
2023-04-28 10:31:46,712:INFO:                pyod: 1.0.9
2023-04-28 10:31:46,712:INFO:            imblearn: 0.10.1
2023-04-28 10:31:46,712:INFO:   category_encoders: 2.6.0
2023-04-28 10:31:46,712:INFO:            lightgbm: 3.3.5
2023-04-28 10:31:46,712:INFO:               numba: 0.56.4
2023-04-28 10:31:46,712:INFO:            requests: 2.28.1
2023-04-28 10:31:46,712:INFO:          matplotlib: 3.6.0
2023-04-28 10:31:46,712:INFO:          scikitplot: 0.3.7
2023-04-28 10:31:46,712:INFO:         yellowbrick: 1.5
2023-04-28 10:31:46,712:INFO:              plotly: 5.14.1
2023-04-28 10:31:46,713:INFO:             kaleido: 0.2.1
2023-04-28 10:31:46,713:INFO:         statsmodels: 0.13.5
2023-04-28 10:31:46,713:INFO:              sktime: 0.17.2
2023-04-28 10:31:46,713:INFO:               tbats: 1.1.3
2023-04-28 10:31:46,713:INFO:            pmdarima: 2.0.3
2023-04-28 10:31:46,713:INFO:              psutil: 5.9.5
2023-04-28 10:31:46,713:INFO:PyCaret optional dependencies:
2023-04-28 10:31:46,713:INFO:                shap: Not installed
2023-04-28 10:31:46,713:INFO:           interpret: Not installed
2023-04-28 10:31:46,713:INFO:                umap: Not installed
2023-04-28 10:31:46,713:INFO:    pandas_profiling: Not installed
2023-04-28 10:31:46,713:INFO:  explainerdashboard: Not installed
2023-04-28 10:31:46,713:INFO:             autoviz: Not installed
2023-04-28 10:31:46,713:INFO:           fairlearn: Not installed
2023-04-28 10:31:46,713:INFO:             xgboost: Not installed
2023-04-28 10:31:46,713:INFO:            catboost: Not installed
2023-04-28 10:31:46,713:INFO:              kmodes: Not installed
2023-04-28 10:31:46,713:INFO:             mlxtend: Not installed
2023-04-28 10:31:46,713:INFO:       statsforecast: Not installed
2023-04-28 10:31:46,713:INFO:        tune_sklearn: Not installed
2023-04-28 10:31:46,713:INFO:                 ray: Not installed
2023-04-28 10:31:46,713:INFO:            hyperopt: Not installed
2023-04-28 10:31:46,713:INFO:              optuna: Not installed
2023-04-28 10:31:46,714:INFO:               skopt: Not installed
2023-04-28 10:31:46,714:INFO:              mlflow: Not installed
2023-04-28 10:31:46,714:INFO:              gradio: Not installed
2023-04-28 10:31:46,714:INFO:             fastapi: Not installed
2023-04-28 10:31:46,714:INFO:             uvicorn: Not installed
2023-04-28 10:31:46,714:INFO:              m2cgen: Not installed
2023-04-28 10:31:46,714:INFO:           evidently: Not installed
2023-04-28 10:31:46,714:INFO:               fugue: Not installed
2023-04-28 10:31:46,714:INFO:           streamlit: Not installed
2023-04-28 10:31:46,714:INFO:             prophet: Not installed
2023-04-28 10:31:46,714:INFO:None
2023-04-28 10:31:46,714:INFO:Set up data.
2023-04-28 10:31:46,722:INFO:Set up train/test split.
2023-04-28 10:31:46,722:INFO:Set up data.
2023-04-28 10:31:46,728:INFO:Set up index.
2023-04-28 10:31:46,728:INFO:Set up folding strategy.
2023-04-28 10:31:46,728:INFO:Assigning column types.
2023-04-28 10:31:46,732:INFO:Engine successfully changes for model 'lr' to 'sklearn'.
2023-04-28 10:31:46,733:INFO:Engine for model 'lasso' has not been set explicitly, hence returning None.
2023-04-28 10:31:46,738:INFO:Engine for model 'ridge' has not been set explicitly, hence returning None.
2023-04-28 10:31:46,744:INFO:Engine for model 'en' has not been set explicitly, hence returning None.
2023-04-28 10:31:46,821:INFO:Engine for model 'svm' has not been set explicitly, hence returning None.
2023-04-28 10:31:46,874:INFO:Engine for model 'knn' has not been set explicitly, hence returning None.
2023-04-28 10:31:46,875:WARNING:
'xgboost' is a soft dependency and not included in the pycaret installation. Please run: `pip install xgboost` to install.
Alternately, you can install this by running `pip install pycaret[models]`
2023-04-28 10:46:16,711:WARNING:<stdin>:1: SettingWithCopyWarning:


A value is trying to be set on a copy of a slice from a DataFrame.
Try using .loc[row_indexer,col_indexer] = value instead

See the caveats in the documentation: https://pandas.pydata.org/pandas-docs/stable/user_guide/indexing.html#returning-a-view-versus-a-copy


2023-04-28 10:48:39,801:WARNING:<stdin>:1: SettingWithCopyWarning:


A value is trying to be set on a copy of a slice from a DataFrame.
Try using .loc[row_indexer,col_indexer] = value instead

See the caveats in the documentation: https://pandas.pydata.org/pandas-docs/stable/user_guide/indexing.html#returning-a-view-versus-a-copy


2023-04-28 10:49:11,217:WARNING:<stdin>:1: SettingWithCopyWarning:


A value is trying to be set on a copy of a slice from a DataFrame.
Try using .loc[row_indexer,col_indexer] = value instead

See the caveats in the documentation: https://pandas.pydata.org/pandas-docs/stable/user_guide/indexing.html#returning-a-view-versus-a-copy


2023-04-28 10:49:21,842:WARNING:<stdin>:2: MatplotlibDeprecationWarning:

The resize_event function was deprecated in Matplotlib 3.6 and will be removed two minor releases later. Use callbacks.process('resize_event', ResizeEvent(...)) instead.


2023-04-28 10:56:22,412:WARNING:<stdin>:1: MatplotlibDeprecationWarning:

The resize_event function was deprecated in Matplotlib 3.6 and will be removed two minor releases later. Use callbacks.process('resize_event', ResizeEvent(...)) instead.


2023-04-28 10:58:02,231:WARNING:<stdin>:1: SettingWithCopyWarning:


A value is trying to be set on a copy of a slice from a DataFrame.
Try using .loc[row_indexer,col_indexer] = value instead

See the caveats in the documentation: https://pandas.pydata.org/pandas-docs/stable/user_guide/indexing.html#returning-a-view-versus-a-copy


2023-04-28 11:01:19,845:WARNING:<stdin>:1: MatplotlibDeprecationWarning:

The resize_event function was deprecated in Matplotlib 3.6 and will be removed two minor releases later. Use callbacks.process('resize_event', ResizeEvent(...)) instead.


2023-05-03 11:07:04,180:WARNING:<stdin>:1: SettingWithCopyWarning:


A value is trying to be set on a copy of a slice from a DataFrame.
Try using .loc[row_indexer,col_indexer] = value instead

See the caveats in the documentation: https://pandas.pydata.org/pandas-docs/stable/user_guide/indexing.html#returning-a-view-versus-a-copy


2023-05-03 11:10:23,002:WARNING:<stdin>:1: MatplotlibDeprecationWarning:

The resize_event function was deprecated in Matplotlib 3.6 and will be removed two minor releases later. Use callbacks.process('resize_event', ResizeEvent(...)) instead.


